{"total": {"lines":{"total":6482,"covered":6030,"skipped":0,"pct":93.02},"statements":{"total":7409,"covered":6818,"skipped":0,"pct":92.02},"functions":{"total":1112,"covered":1015,"skipped":0,"pct":91.27},"branches":{"total":6173,"covered":5179,"skipped":0,"pct":83.89},"branchesTrue":{"total":0,"covered":0,"skipped":0,"pct":100}}
,"/Users/kaneho/workspace/yumo-plugins-dev2/pdlc/workflows/consolidate-learnings.js": {"lines":{"total":947,"covered":911,"skipped":0,"pct":96.19},"functions":{"total":130,"covered":122,"skipped":0,"pct":93.84},"statements":{"total":1110,"covered":1048,"skipped":0,"pct":94.41},"branches":{"total":1044,"covered":914,"skipped":0,"pct":87.54}}
,"/Users/kaneho/workspace/yumo-plugins-dev2/pdlc/workflows/orchestrate-dev.js": {"lines":{"total":4116,"covered":3922,"skipped":0,"pct":95.28},"functions":{"total":671,"covered":630,"skipped":0,"pct":93.88},"statements":{"total":4707,"covered":4425,"skipped":0,"pct":94},"branches":{"total":4076,"covered":3502,"skipped":0,"pct":85.91}}
,"/Users/kaneho/workspace/yumo-plugins-dev2/pdlc/workflows/orchestrate-queue.js": {"lines":{"total":497,"covered":434,"skipped":0,"pct":87.32},"functions":{"total":106,"covered":88,"skipped":0,"pct":83.01},"statements":{"total":602,"covered":533,"skipped":0,"pct":88.53},"branches":{"total":482,"covered":370,"skipped":0,"pct":76.76}}
,"/Users/kaneho/workspace/yumo-plugins-dev2/pdlc/workflows/__tests__/fixtures/digest-vectors.js": {"lines":{"total":5,"covered":4,"skipped":0,"pct":80},"functions":{"total":2,"covered":2,"skipped":0,"pct":100},"statements":{"total":6,"covered":5,"skipped":0,"pct":83.33},"branches":{"total":2,"covered":1,"skipped":0,"pct":50}}
,"/Users/kaneho/workspace/yumo-plugins-dev2/pdlc/workflows/__tests__/fixtures/scanFixtures.js": {"lines":{"total":5,"covered":5,"skipped":0,"pct":100},"functions":{"total":0,"covered":0,"skipped":0,"pct":100},"statements":{"total":5,"covered":5,"skipped":0,"pct":100},"branches":{"total":0,"covered":0,"skipped":0,"pct":100}}
,"/Users/kaneho/workspace/yumo-plugins-dev2/pdlc/workflows/__tests__/fixtures/tmpGitFixture.js": {"lines":{"total":23,"covered":23,"skipped":0,"pct":100},"functions":{"total":3,"covered":3,"skipped":0,"pct":100},"statements":{"total":23,"covered":23,"skipped":0,"pct":100},"branches":{"total":0,"covered":0,"skipped":0,"pct":100}}
,"/Users/kaneho/workspace/yumo-plugins-dev2/pdlc/workflows/__tests__/fixtures/queue-goldens/index.js": {"lines":{"total":1,"covered":1,"skipped":0,"pct":100},"functions":{"total":0,"covered":0,"skipped":0,"pct":100},"statements":{"total":1,"covered":1,"skipped":0,"pct":100},"branches":{"total":0,"covered":0,"skipped":0,"pct":100}}
,"/Users/kaneho/workspace/yumo-plugins-dev2/pdlc/workflows/__tests__/fixtures/queue-goldens/shapes.js": {"lines":{"total":2,"covered":2,"skipped":0,"pct":100},"functions":{"total":0,"covered":0,"skipped":0,"pct":100},"statements":{"total":2,"covered":2,"skipped":0,"pct":100},"branches":{"total":0,"covered":0,"skipped":0,"pct":100}}
,"/Users/kaneho/workspace/yumo-plugins-dev2/pdlc/workflows/__tests__/helpers/adapterHarness.js": {"lines":{"total":54,"covered":51,"skipped":0,"pct":94.44},"functions":{"total":13,"covered":9,"skipped":0,"pct":69.23},"statements":{"total":59,"covered":55,"skipped":0,"pct":93.22},"branches":{"total":51,"covered":45,"skipped":0,"pct":88.23}}
,"/Users/kaneho/workspace/yumo-plugins-dev2/pdlc/workflows/__tests__/helpers/advisoryDoubles.js": {"lines":{"total":129,"covered":128,"skipped":0,"pct":99.22},"functions":{"total":38,"covered":36,"skipped":0,"pct":94.73},"statements":{"total":135,"covered":132,"skipped":0,"pct":97.77},"branches":{"total":67,"covered":57,"skipped":0,"pct":85.07}}
,"/Users/kaneho/workspace/yumo-plugins-dev2/pdlc/workflows/__tests__/helpers/consolidationDoubles.js": {"lines":{"total":29,"covered":29,"skipped":0,"pct":100},"functions":{"total":15,"covered":15,"skipped":0,"pct":100},"statements":{"total":34,"covered":34,"skipped":0,"pct":100},"branches":{"total":25,"covered":19,"skipped":0,"pct":76}}
,"/Users/kaneho/workspace/yumo-plugins-dev2/pdlc/workflows/__tests__/helpers/driftCapabilities.js": {"lines":{"total":90,"covered":69,"skipped":0,"pct":76.66},"functions":{"total":16,"covered":14,"skipped":0,"pct":87.5},"statements":{"total":93,"covered":70,"skipped":0,"pct":75.26},"branches":{"total":37,"covered":21,"skipped":0,"pct":56.75}}
,"/Users/kaneho/workspace/yumo-plugins-dev2/pdlc/workflows/__tests__/helpers/driftGenerators.js": {"lines":{"total":53,"covered":32,"skipped":0,"pct":60.37},"functions":{"total":11,"covered":7,"skipped":0,"pct":63.63},"statements":{"total":61,"covered":34,"skipped":0,"pct":55.73},"branches":{"total":35,"covered":10,"skipped":0,"pct":28.57}}
,"/Users/kaneho/workspace/yumo-plugins-dev2/pdlc/workflows/__tests__/helpers/freshClone.js": {"lines":{"total":32,"covered":32,"skipped":0,"pct":100},"functions":{"total":3,"covered":3,"skipped":0,"pct":100},"statements":{"total":34,"covered":34,"skipped":0,"pct":100},"branches":{"total":6,"covered":5,"skipped":0,"pct":83.33}}
,"/Users/kaneho/workspace/yumo-plugins-dev2/pdlc/workflows/__tests__/helpers/guardFixtures.js": {"lines":{"total":158,"covered":100,"skipped":0,"pct":63.29},"functions":{"total":19,"covered":13,"skipped":0,"pct":68.42},"statements":{"total":163,"covered":104,"skipped":0,"pct":63.8},"branches":{"total":97,"covered":52,"skipped":0,"pct":53.6}}
,"/Users/kaneho/workspace/yumo-plugins-dev2/pdlc/workflows/__tests__/helpers/guardRowIds.js": {"lines":{"total":5,"covered":5,"skipped":0,"pct":100},"functions":{"total":2,"covered":2,"skipped":0,"pct":100},"statements":{"total":5,"covered":5,"skipped":0,"pct":100},"branches":{"total":0,"covered":0,"skipped":0,"pct":100}}
,"/Users/kaneho/workspace/yumo-plugins-dev2/pdlc/workflows/__tests__/helpers/mergeDoubles.js": {"lines":{"total":73,"covered":70,"skipped":0,"pct":95.89},"functions":{"total":15,"covered":15,"skipped":0,"pct":100},"statements":{"total":81,"covered":78,"skipped":0,"pct":96.29},"branches":{"total":39,"covered":28,"skipped":0,"pct":71.79}}
,"/Users/kaneho/workspace/yumo-plugins-dev2/pdlc/workflows/__tests__/helpers/provenanceDoubles.js": {"lines":{"total":40,"covered":17,"skipped":0,"pct":42.5},"functions":{"total":7,"covered":3,"skipped":0,"pct":42.85},"statements":{"total":41,"covered":17,"skipped":0,"pct":41.46},"branches":{"total":19,"covered":8,"skipped":0,"pct":42.1}}
,"/Users/kaneho/workspace/yumo-plugins-dev2/pdlc/workflows/__tests__/helpers/seams.js": {"lines":{"total":123,"covered":101,"skipped":0,"pct":82.11},"functions":{"total":35,"covered":27,"skipped":0,"pct":77.14},"statements":{"total":136,"covered":108,"skipped":0,"pct":79.41},"branches":{"total":101,"covered":66,"skipped":0,"pct":65.34}}
,"/Users/kaneho/workspace/yumo-plugins-dev2/pdlc/workflows/__tests__/helpers/skipSink.js": {"lines":{"total":61,"covered":56,"skipped":0,"pct":91.8},"functions":{"total":13,"covered":13,"skipped":0,"pct":100},"statements":{"total":66,"covered":61,"skipped":0,"pct":92.42},"branches":{"total":70,"covered":62,"skipped":0,"pct":88.57}}
,"/Users/kaneho/workspace/yumo-plugins-dev2/pdlc/workflows/lib/document-oracles.mjs": {"lines":{"total":39,"covered":38,"skipped":0,"pct":97.43},"functions":{"total":13,"covered":13,"skipped":0,"pct":100},"statements":{"total":45,"covered":44,"skipped":0,"pct":97.77},"branches":{"total":22,"covered":19,"skipped":0,"pct":86.36}}
}
