TN:
SF:build-runtime.mjs
FN:34,banner
FN:45,stripModuleSyntax
FN:55,wrapModule
FN:76,moduleImportLines
FNF:4
FNH:4
FNDA:9,banner
FNDA:9,stripModuleSyntax
FNDA:9,wrapModule
FNDA:9,moduleImportLines
DA:1,9
DA:2,9
DA:3,9
DA:4,9
DA:5,9
DA:6,9
DA:7,9
DA:8,9
DA:9,9
DA:10,9
DA:11,9
DA:12,9
DA:13,9
DA:14,9
DA:15,9
DA:16,9
DA:17,9
DA:18,9
DA:19,9
DA:20,9
DA:21,9
DA:22,9
DA:23,9
DA:24,9
DA:25,9
DA:26,9
DA:27,9
DA:28,9
DA:29,9
DA:30,9
DA:31,9
DA:32,9
DA:33,9
DA:34,9
DA:35,9
DA:36,9
DA:37,9
DA:38,9
DA:39,9
DA:40,9
DA:41,9
DA:42,9
DA:43,9
DA:44,9
DA:45,9
DA:46,9
DA:47,9
DA:48,9
DA:49,9
DA:50,9
DA:51,9
DA:52,9
DA:53,9
DA:54,9
DA:55,9
DA:56,9
DA:57,9
DA:58,9
DA:59,9
DA:60,9
DA:61,9
DA:62,9
DA:63,9
DA:64,9
DA:65,9
DA:66,9
DA:67,9
DA:68,9
DA:69,9
DA:70,9
DA:71,9
DA:72,9
DA:73,9
DA:74,9
DA:75,9
DA:76,9
DA:77,9
DA:78,9
DA:79,9
DA:80,9
DA:81,9
DA:82,9
DA:83,9
DA:84,9
DA:85,9
DA:86,9
DA:87,9
DA:88,9
DA:89,9
DA:90,9
DA:91,9
DA:92,9
DA:93,9
DA:94,9
DA:95,9
DA:96,9
DA:97,9
DA:98,9
DA:99,9
DA:100,9
DA:101,9
DA:102,9
DA:103,9
DA:104,9
DA:105,9
DA:106,9
DA:107,9
DA:108,9
DA:109,9
DA:110,9
DA:111,9
DA:112,9
DA:113,0
DA:114,0
DA:115,0
DA:116,9
DA:117,9
DA:118,9
DA:119,9
DA:120,9
DA:121,9
DA:122,9
DA:123,9
DA:124,9
DA:125,9
DA:126,9
DA:127,9
DA:128,9
DA:129,9
DA:130,9
DA:131,9
DA:132,9
DA:133,9
DA:134,9
DA:135,9
DA:136,9
DA:137,9
DA:138,9
DA:139,9
DA:140,9
DA:141,9
DA:142,9
DA:143,9
DA:144,9
DA:145,9
DA:146,9
DA:147,3
DA:148,9
DA:149,3
DA:150,3
DA:151,3
DA:152,3
DA:153,3
DA:154,3
DA:155,9
DA:156,9
DA:157,9
DA:158,3
DA:159,3
DA:160,3
LF:160
LH:157
BRDA:1,0,0,9
BRDA:112,1,0,0
BRDA:141,2,0,0
BRDA:145,3,0,6
BRDA:145,4,0,3
BRDA:146,5,0,3
BRDA:148,6,0,6
BRDA:148,7,0,3
BRDA:157,8,0,3
BRDA:34,9,0,9
BRDA:38,10,0,18
BRDA:45,11,0,9
BRDA:48,12,0,147033
BRDA:55,13,0,9
BRDA:76,14,0,9
BRDA:79,15,0,147033
BRDA:80,16,0,18
BRF:17
BRH:15
end_of_record
TN:
SF:orchestrate-dev.js
FN:106,parseMergeConfig
FN:191,parseImplementationConfig
FN:192,degraded
FN:214,nonEmptyString
FN:257,isPlainObject
FN:265,isValidRetryCount
FN:269,isValidRetryDelay
FN:285,readMergeConfigSafely
FN:344,repoFlag
FN:361,mergeCommandFor
FN:433,parseLogRecords
FN:477,jsonCommentRecords
FN:502,consolidationLogRecords
FN:516,openPromotionList
FN:547,openPromotionsFromLog
FN:569,renderOpenPromotionList
FN:594,parsePrRef
FN:612,classifyPrState
FN:641,classifyReviewThreads
FN:678,classifyRepoCaps
FN:729,classifyChangedFiles
FN:792,classifyMergeResult
FN:813,defaultGhRun
FN:815,exec
FN:835,observePrState
FN:849,observeCi
FN:852,execFn
FN:861,observeReviewThreads
FN:884,observeRepoCaps
FN:901,observeChangedFiles
FN:923,isNonEmptyString
FN:940,effectiveGuardPaths
FN:942,norm
FN:963,guardVerdict
FN:991,ciRule
FN:1019,o1FieldUnreadable
FN:1040,mergeCandidates
FN:1067,decideMerge
FN:1339,firstLine
FN:1349,guardRefused
FN:1377,executeMerge
FN:1380,detailFor
FN:1405,evidenceCellFor
FN:1421,deleteRemoteBranch
FN:1444,updateDefaultBranch
FN:1449,fail
FN:1525,aheadOfRemote
FN:1531,mergeDeferred
FN:1536,sectionMalformed
FN:1541,noPrNumber
FN:1546,recordedUncommitted
FN:1551,nonOverwrite
FN:1555,branchDeleteFailed
FN:1569,guard
FN:1570,ci
FN:1572,queue
FN:1574,tree
FN:1583,seam
FN:1617,phaseMerge
FN:1627,_now
FN:1631,skippedOutcome
FN:1678,O1
FN:1679,O2
FN:1680,O3
FN:1681,O4
FN:1682,O5
FN:2000,f
FN:2001,g
FN:2002,h
FN:2003,i
FN:2014,a6ProhibitedPaths
FN:2037,parseAdvisoryConfig
FN:2038,degraded
FN:2060,boolField
FN:2068,positiveInt
FN:2076,positiveNumber
FN:2087,nonNegativeInt
FN:2129,readAdvisoryConfigSafely
FN:2158,isModelResolutionError
FN:2200,resolveAdvisoryRung
FN:2201,log
FN:2207,dispatchAt
FN:2213,dispatchAt.then.kind
FN:2289,parseAdvisoryVerdict
FN:2290,fail
FN:2297,extract
FN:2377,budgetExceeded
FN:2392,parseA6RootCause
FN:2420,parseA6Promotion
FN:2422,read
FN:2443,citesGateOutput
FN:2444,normalize
FN:2482,refusalReasonFor
FN:2516,touchesTestArtifact
FN:2537,touchesDodCriterion
FN:2555,branchCreated
FN:2573,classifyEnvelope
FN:2637,parseA3Classification
FN:2677,governingClass
FN:2707,summariseA3Classification
FN:2728,buildA3SeamOps
FN:2729,gatherEvidence
FN:2744,prompt
FN:2747,conditionHolds
FN:2748,apply
FN:2751,producedPaths
FN:2752,revert
FN:2765,readGitFileList
FN:2798,buildA4SeamOps
FN:2803,gatherEvidence
FN:2826,prompt
FN:2827,conditionHolds
FN:2831,apply
FN:2832,producedPaths
FN:2833,revert
FN:2836,verifyGate
FN:2863,probeDefaultBranchChecks
FN:2880,probeWorkflowRerun
FN:2912,makeWaitAccumulator
FN:2915,recordWait
FN:2919,waitMs
FN:2923,buildA5SeamOps
FN:2967,nowSafe
FN:2975,rePoll
FN:2991,gatherEvidence
FN:3008,prompt
FN:3015,conditionHolds
FN:3016,apply
FN:3028,producedPaths
FN:3030,revert
FN:3034,verifyGate
FN:3077,buildA6SeamOps
FN:3103,admissible
FN:3113,laterTaskById
FN:3122,gatherEvidence
FN:3133,producedPathsImpl
FN:3153,prompt
FN:3171,classifyReply
FN:3234,conditionHolds
FN:3235,apply
FN:3256,annotate
FN:3267,revert
FN:3268,_sleep
FN:3268,emit
FN:3270,verifyGate
FN:3300,sameSequence
FN:3309,gateSequenceFor
FN:3320,runWaveGateSequence
FN:3347,groupPromotedPaths
FN:3384,runWaveGateSeam
FN:3412,_now
FN:3416,notice
FN:3445,emit
FN:3544,gatherEvidence
FN:3554,classifyReply
FN:3564,producedPaths
FN:3640,advisoryEntrySingleLine
FN:3658,renderAdvisoryEntry
FN:3717,appendAdvisoryEntry
FN:3741,advisorySummaryRows
FN:3762,rows.reduce.invocations
FN:3796,renderEscalationEntry
FN:3848,appendEscalationEntry
FN:3866,renderSnapshotOverwriteNotice
FN:3909,escalationDecision
FN:3948,isProhibitedAction
FN:4002,runAdvisorySeam
FN:4014,_now
FN:4023,log
FN:4024,notice
FN:4025,readWaitMs
FN:4056,refuse
FN:4065,consumeMalformedAttempt
FN:4089,doRevert
FN:4101,terminate
FN:4611,haltError
FN:4634,featureBranchName
FN:4652,branchGuardTransport
FN:4657,parseAbbrevRef
FN:4685,readHeadBranch
FN:4706,transportFaultNote
FN:4713,branchGuardRemedy
FN:4736,ensureFeatureBranch
FN:4808,verifyFeatureBranch
FN:4839,checkFileNonEmpty
FN:4895,parsePlanTasks
FN:4901,isDescCell
FN:4907,isBatchCell
FN:4937,findCol
FN:4992,findUnknownPlanDepsIds
FN:5011,isSeparatorRow
FN:5083,splitPipeRow
FN:5132,parsePlanDepsCell
FN:5198,normalizeHeaderCell
FN:5208,stripCellEmphasis
FN:5226,isPlausiblePath
FN:5282,parsePlanOwnership
FN:5399,validatePlanContract
FN:5452,lintPlanArtifact
FN:5535,planLintFeedForwardClause
FN:5559,pathsCollide
FN:5576,planContractGateDetail
FN:5627,parseVerdict
FN:5814,parseConfirmationFindings
FN:5907,erratumGateDecision
FN:5975,formatConfirmationFindings
FN:6010,markApprovalReopened
FN:6025,reopenedApproval
FN:6037,parseDecisionsWarranted
FN:6098,scanLines
FN:6144,canonicaliseForDigest
FN:6161,utf8Bytes
FN:6202,rotr32
FN:6208,add32
FN:6225,sha256Hex
FN:6326,approvalHashOf
FN:6379,normalizeForApproval
FN:6393,approvalHashOfNormalized
FN:6453,parseApprovalHash
FN:6535,extractFileVerdict
FN:6563,parseRevisionComplete
FN:6594,parseResolvedMarker
FN:6629,extractRecommendation
FN:6671,parseForcePhases
FN:6710,isStale
FN:6732,isStaleByHash
FN:6747,upstreamStateLines
FN:6785,upstreamStateDrift
FN:6912,hasHarvestedFromRow
FN:6927,normaliseHeadingTitle
FN:6951,headingContains
FN:6953,isWordChar
FN:6975,topLevelSections
FN:7000,isEmptyBody
FN:7016,isCatalogueVerdictLine
FN:7037,crossReviewComplete
FN:7066,isComplete
FN:7070,done
FN:7088,rowTerms
FN:7093,shortfall
FN:7173,headingFeedForwardClause
FN:7210,nearestHeadingMisses
FN:7214,tokensOf
FN:7215,tokenNear
FN:7250,nearestHeadingMissClause
FN:7264,isPass
FN:7291,isPassResult
FN:7342,selectMode
FN:7372,dualApproved
FN:7441,isTerminal
FN:7462,terminalFrom
FN:7488,checkConverged
FN:7591,sessionScope
FN:7596,reviewerSessionKey
FN:7606,authorSessionKey
FN:7628,sessionBoundAgent
FN:7630,emit
FN:7699,featureDocPath
FN:7702,erratumDocTypesAbove
FN:7706,erratumDocTypesBelow
FN:7725,deriveApprovalUpstreamState
FN:7796,parseErrata
FN:7831,erratumAnchorOf
FN:7848,erratumTokenOf
FN:7880,erratumLiteralTokenOf
FN:7902,erratumDedupeKey
FN:7921,dedupeErrataEntries
FN:7955,splitErratumMultiHome
FN:7975,touchesErratumOracle
FN:7998,oracleContractShortfall
FN:8024,parseErratumRemint
FN:8068,withDispatchRetry
FN:8068,emit
FN:8068,onFault
FN:8095,reviewLoop
FN:8148,collectErrata
FN:8171,wrapped
FN:8194,runWrapped
FN:8221,reviewTargetPath
FN:8546,headCommitSha
FN:8565,approvalAnchorPreCount
FN:8595,normalizedAnchorFor
FN:8610,appendApprovalAnchors
FN:8744,reviewerRoleSlug
FN:8761,crossReviewPath
FN:8782,reviewerSkillForSlug
FN:8832,parseReviewFilename
FN:8890,deriveRoundWindow
FN:8954,windowEnd
FN:8978,lifetimeCapReached
FN:9017,freezeInForce
FN:9032,docTypeFromPath
FN:9044,artifactClassOf
FN:9070,firstUnwrittenSection
FN:9106,branchPinClause
FN:9124,skeletonClause
FN:9146,resumeClause
FN:9170,continuationClause
FN:9206,refreshReviewState
FN:9297,checkPostmortem
FN:9360,probeDocument
FN:9378,rehydrateReviewState
FN:9408,resolveReviewState
FN:9434,resolvePostmortem
FN:9464,targetState
FN:9493,noApprovalRecord
FN:9527,tier1ApprovalRecord
FN:9606,tier2ApprovalRecord
FN:9658,authoringHaltError
FN:9691,dispatchAndVerify
FN:9708,emit
FN:9764,observe
FN:9821,withDispatchRetry.label
FN:9825,onFault
FN:9930,advisoryPacingCheck
FN:9989,groundingClause
FN:10097,reviewerPrompt
FN:10156,optimizerPrompt
FN:10218,recoverVerdict
FN:10237,decisionsWarrantedTrailerRequirement
FN:10245,creatorPrompt
FN:10267,erratumAuthorPrompt
FN:10306,upstreamHeadClause
FN:10344,erratumConfirmPrompt
FN:10385,findingGrammarClause
FN:10412,erratumSupersetClause
FN:10440,cascadeConfirmPrompt
FN:10468,implementPrompt
FN:10502,waveImplementPrompt
FN:10560,propertiesTestPrompt
FN:10578,harvestPrompt
FN:10604,advisoryDistilPrompt
FN:10617,createPrPrompt
FN:10633,rebasePrompt
FN:10662,checkPrCi
FN:10664,exec
FN:10709,classifyCheckRollupEntry
FN:10746,parsePrUrl
FN:10767,parseRebaseStatus
FN:10794,parseDodStatus
FN:10892,dodVerifyPrompt
FN:10943,dodReVerifyPrompt
FN:11035,dodFindingPathTokens
FN:11048,dodDocTypeForPath
FN:11070,dodFindingDocType
FN:11099,classifyDodFindings
FN:11128,parseDodFindings
FN:11151,findCol
FN:11168,at
FN:11197,dodDocAuthorSkill
FN:11204,dodFindingLines
FN:11227,dodDocRemediatePrompt
FN:11252,dodRemediatePrompt
FN:11266,dodRoutedAwayClause
FN:11288,rebaseOntoDefault
FN:11311,dodVerifyLoop
FN:11376,withDispatchRetry.label
FN:11393,withDispatchRetry.label
FN:11429,raisePrAndVerifyCi
FN:11434,_now
FN:11439,_runAdvisorySeam
FN:11440,_advisoryRecord
FN:11527,evaluateBatchGate
FN:11575,evaluateWaveDispatch
FN:11596,outputTail
FN:11608,evaluateSingleAgentGate
FN:11647,computeTopologicalBatches
FN:11681,findCyclePath
FN:11687,dfs
FN:11709,topologicalReadySets
FN:11785,computeWaves
FN:11835,waveOwnedPaths
FN:11852,laterOwnedPaths
FN:11873,ownedSetCovers
FN:11923,maskNonCode
FN:11927,blank
FN:11995,regexOpensAfter
FN:12004,regexLiteralEnd
FN:12042,scanSkipTokens
FN:12069,firstStringArgument
FN:12091,titleNamesTask
FN:12109,checkWaveUnskips
FN:12181,formatUnskipViolations
FN:12230,computePlanHash
FN:12267,parseWaveLedger
FN:12325,formatWaveLedger
FN:12339,agent
FN:12354,parallel
FN:12359,pipeline
FN:12364,phase
FN:12368,log
FN:12376,sleep
FN:12396,deadlineSleep
FN:12405,defaultReadFile
FN:12427,defaultHashFile
FN:12455,defaultHashNormalizedFile
FN:12478,defaultListFiles
FN:12512,defaultWriteFile
FN:12528,defaultAppendFile
FN:12550,defaultGit
FN:12553,exec
FN:12594,gitWithLockRetry
FN:12638,captureTreeSnapshot
FN:12643,fail
FN:12707,restoreTreeSnapshot
FN:12743,uncommittedWorkRemedy
FN:12769,commitPaths
FN:12838,waveCommitMessage
FN:12861,defaultRecordQueueRow
FN:12879,gatherA4Context
FN:12950,gatherA5Context
FN:12992,main
FN:13054,agentFn
FN:13069,readCurrentHead
FN:13087,recordPhase
FN:13104,phaseWindow
FN:13152,phaseGate
FN:13390,forcedDetail
FN:13410,wrappedDispatch
FN:13448,erratumDocPath
FN:13456,erratumDocHash
FN:13470,snapshotErratumDocs
FN:13487,deriveUpstreamState
FN:13511,erratumPostmortemHalt
FN:13593,cascadeDownstream
FN:13763,erratumRound
FN:13892,missingAgainst
FN:13954,confirmRoundPaths
FN:13974,dispatchConfirmers
FN:14311,routeErrata
FN:14322,admit
FN:14363,tagMinted
FN:14499,converge
FN:14707,advisoryNotice
FN:14731,runA5AdvisorySeam
FN:14909,afterConverged
FN:14932,byKind
FN:15266,ignore
FN:15280,headCorroborated
FN:15350,writeWaveLedger
FN:15659,withDispatchRetry.label
FN:15943,_advisoryRecord
FN:16218,mergeWorktree
FN:16220,exec
FN:16255,buildFinalReport
FNF:445
FNH:423
FNDA:796,parseMergeConfig
FNDA:298,parseImplementationConfig
FNDA:211,degraded
FNDA:174,nonEmptyString
FNDA:2403,isPlainObject
FNDA:539,isValidRetryCount
FNDA:539,isValidRetryDelay
FNDA:783,readMergeConfigSafely
FNDA:87,repoFlag
FNDA:3385,mergeCommandFor
FNDA:332,parseLogRecords
FNDA:317,jsonCommentRecords
FNDA:244,consolidationLogRecords
FNDA:383,openPromotionList
FNDA:244,openPromotionsFromLog
FNDA:238,renderOpenPromotionList
FNDA:1459,parsePrRef
FNDA:1408,classifyPrState
FNDA:80,classifyReviewThreads
FNDA:96,classifyRepoCaps
FNDA:1364,classifyChangedFiles
FNDA:70,classifyMergeResult
FNDA:21,defaultGhRun
FNDA:15,exec
FNDA:1382,observePrState
FNDA:263,observeCi
FNDA:263,execFn
FNDA:62,observeReviewThreads
FNDA:83,observeRepoCaps
FNDA:1351,observeChangedFiles
FNDA:1408,isNonEmptyString
FNDA:15606,effectiveGuardPaths
FNDA:1093,norm
FNDA:17007,guardVerdict
FNDA:11222,ciRule
FNDA:10828,o1FieldUnreadable
FNDA:3415,mergeCandidates
FNDA:22352,decideMerge
FNDA:39,firstLine
FNDA:16,guardRefused
FNDA:64,executeMerge
FNDA:12,detailFor
FNDA:77,evidenceCellFor
FNDA:77,deleteRemoteBranch
FNDA:87,updateDefaultBranch
FNDA:28,fail
FNDA:36,aheadOfRemote
FNDA:2385,mergeDeferred
FNDA:3,sectionMalformed
FNDA:3,noPrNumber
FNDA:11,recordedUncommitted
FNDA:3,nonOverwrite
FNDA:22,branchDeleteFailed
FNDA:1083,guard
FNDA:2,ci
FNDA:56,queue
FNDA:58,tree
FNDA:149,seam
FNDA:1615,phaseMerge
FNDA:0,_now
FNDA:235,skippedOutcome
FNDA:1376,O1
FNDA:256,O2
FNDA:55,O3
FNDA:79,O4
FNDA:1344,O5
FNDA:820,f
FNDA:820,g
FNDA:820,h
FNDA:820,i
FNDA:820,a6ProhibitedPaths
FNDA:865,parseAdvisoryConfig
FNDA:407,degraded
FNDA:458,boolField
FNDA:458,positiveInt
FNDA:458,positiveNumber
FNDA:458,nonNegativeInt
FNDA:373,readAdvisoryConfigSafely
FNDA:49,isModelResolutionError
FNDA:293,resolveAdvisoryRung
FNDA:0,log
FNDA:307,dispatchAt
FNDA:21,dispatchAt.then.kind
FNDA:269,parseAdvisoryVerdict
FNDA:75,fail
FNDA:1590,extract
FNDA:230,budgetExceeded
FNDA:905,parseA6RootCause
FNDA:606,parseA6Promotion
FNDA:906,read
FNDA:3409,citesGateOutput
FNDA:10161,normalize
FNDA:715,refusalReasonFor
FNDA:1088,touchesTestArtifact
FNDA:663,touchesDodCriterion
FNDA:11,branchCreated
FNDA:1060,classifyEnvelope
FNDA:71,parseA3Classification
FNDA:162,governingClass
FNDA:5,summariseA3Classification
FNDA:15,buildA3SeamOps
FNDA:6,gatherEvidence
FNDA:6,prompt
FNDA:6,conditionHolds
FNDA:0,apply
FNDA:0,producedPaths
FNDA:0,revert
FNDA:296,readGitFileList
FNDA:12,buildA4SeamOps
FNDA:5,gatherEvidence
FNDA:5,prompt
FNDA:5,conditionHolds
FNDA:3,apply
FNDA:3,producedPaths
FNDA:3,revert
FNDA:5,verifyGate
FNDA:26,probeDefaultBranchChecks
FNDA:26,probeWorkflowRerun
FNDA:6,makeWaitAccumulator
FNDA:0,recordWait
FNDA:0,waitMs
FNDA:25,buildA5SeamOps
FNDA:16,nowSafe
FNDA:8,rePoll
FNDA:21,gatherEvidence
FNDA:17,prompt
FNDA:17,conditionHolds
FNDA:10,apply
FNDA:9,producedPaths
FNDA:6,revert
FNDA:8,verifyGate
FNDA:120,buildA6SeamOps
FNDA:109,admissible
FNDA:6,laterTaskById
FNDA:103,gatherEvidence
FNDA:122,producedPathsImpl
FNDA:99,prompt
FNDA:96,classifyReply
FNDA:84,conditionHolds
FNDA:62,apply
FNDA:96,annotate
FNDA:38,revert
FNDA:0,_sleep
FNDA:0,emit
FNDA:43,verifyGate
FNDA:62,sameSequence
FNDA:94,gateSequenceFor
FNDA:306,runWaveGateSequence
FNDA:9,groupPromotedPaths
FNDA:108,runWaveGateSeam
FNDA:7,_now
FNDA:0,notice
FNDA:0,emit
FNDA:102,gatherEvidence
FNDA:89,classifyReply
FNDA:53,producedPaths
FNDA:4123,advisoryEntrySingleLine
FNDA:513,renderAdvisoryEntry
FNDA:198,appendAdvisoryEntry
FNDA:60,advisorySummaryRows
FNDA:360,rows.reduce.invocations
FNDA:239,renderEscalationEntry
FNDA:170,appendEscalationEntry
FNDA:73,renderSnapshotOverwriteNotice
FNDA:135,escalationDecision
FNDA:155,isProhibitedAction
FNDA:194,runAdvisorySeam
FNDA:0,_now
FNDA:30,log
FNDA:20,notice
FNDA:43,readWaitMs
FNDA:111,refuse
FNDA:15,consumeMalformedAttempt
FNDA:55,doRevert
FNDA:180,terminate
FNDA:196,haltError
FNDA:10002,featureBranchName
FNDA:2545,branchGuardTransport
FNDA:1338,parseAbbrevRef
FNDA:1331,readHeadBranch
FNDA:7,transportFaultNote
FNDA:9,branchGuardRemedy
FNDA:376,ensureFeatureBranch
FNDA:1896,verifyFeatureBranch
FNDA:0,checkFileNonEmpty
FNDA:1175,parsePlanTasks
FNDA:1157,isDescCell
FNDA:2310,isBatchCell
FNDA:2312,findCol
FNDA:574,findUnknownPlanDepsIds
FNDA:2748,isSeparatorRow
FNDA:14354,splitPipeRow
FNDA:2495,parsePlanDepsCell
FNDA:6905,normalizeHeaderCell
FNDA:1707,stripCellEmphasis
FNDA:12,isPlausiblePath
FNDA:1164,parsePlanOwnership
FNDA:841,validatePlanContract
FNDA:590,lintPlanArtifact
FNDA:6,planLintFeedForwardClause
FNDA:236,pathsCollide
FNDA:0,planContractGateDetail
FNDA:6215,parseVerdict
FNDA:173,parseConfirmationFindings
FNDA:60,erratumGateDecision
FNDA:19,formatConfirmationFindings
FNDA:5,markApprovalReopened
FNDA:51,reopenedApproval
FNDA:302,parseDecisionsWarranted
FNDA:48018,scanLines
FNDA:5107,canonicaliseForDigest
FNDA:4699,utf8Bytes
FNDA:11901888,rotr32
FNDA:12397800,add32
FNDA:4699,sha256Hex
FNDA:4146,approvalHashOf
FNDA:826,normalizeForApproval
FNDA:788,approvalHashOfNormalized
FNDA:1210,parseApprovalHash
FNDA:1206,extractFileVerdict
FNDA:543,parseRevisionComplete
FNDA:16,parseResolvedMarker
FNDA:14,extractRecommendation
FNDA:621,parseForcePhases
FNDA:15,isStale
FNDA:61,isStaleByHash
FNDA:1072,upstreamStateLines
FNDA:14,upstreamStateDrift
FNDA:532,hasHarvestedFromRow
FNDA:267256,normaliseHeadingTitle
FNDA:199007,headingContains
FNDA:28020,isWordChar
FNDA:22527,topLevelSections
FNDA:46318,isEmptyBody
FNDA:9820,isCatalogueVerdictLine
FNDA:13556,crossReviewComplete
FNDA:18264,isComplete
FNDA:18264,done
FNDA:84757,rowTerms
FNDA:5891,shortfall
FNDA:5931,headingFeedForwardClause
FNDA:343,nearestHeadingMisses
FNDA:4694,tokensOf
FNDA:1960,tokenNear
FNDA:342,nearestHeadingMissClause
FNDA:5105,isPass
FNDA:5105,isPassResult
FNDA:6994,selectMode
FNDA:447,dualApproved
FNDA:11,isTerminal
FNDA:7151,terminalFrom
FNDA:1788,checkConverged
FNDA:6996,sessionScope
FNDA:4932,reviewerSessionKey
FNDA:2064,authorSessionKey
FNDA:6996,sessionBoundAgent
FNDA:0,emit
FNDA:5290,featureDocPath
FNDA:2187,erratumDocTypesAbove
FNDA:26,erratumDocTypesBelow
FNDA:2100,deriveApprovalUpstreamState
FNDA:7008,parseErrata
FNDA:119,erratumAnchorOf
FNDA:98,erratumTokenOf
FNDA:49,erratumLiteralTokenOf
FNDA:119,erratumDedupeKey
FNDA:1536,dedupeErrataEntries
FNDA:56,splitErratumMultiHome
FNDA:63,touchesErratumOracle
FNDA:63,oracleContractShortfall
FNDA:3,parseErratumRemint
FNDA:2452,withDispatchRetry
FNDA:2,emit
FNDA:8,onFault
FNDA:1890,reviewLoop
FNDA:5400,collectErrata
FNDA:5424,wrapped
FNDA:5424,runWrapped
FNDA:8502,reviewTargetPath
FNDA:2144,headCommitSha
FNDA:1065,approvalAnchorPreCount
FNDA:2146,normalizedAnchorFor
FNDA:1858,appendApprovalAnchors
FNDA:22187,reviewerRoleSlug
FNDA:14552,crossReviewPath
FNDA:9,reviewerSkillForSlug
FNDA:49637,parseReviewFilename
FNDA:3969,deriveRoundWindow
FNDA:4061,windowEnd
FNDA:1597,lifetimeCapReached
FNDA:2447,freezeInForce
FNDA:52,docTypeFromPath
FNDA:7233,artifactClassOf
FNDA:14189,firstUnwrittenSection
FNDA:7650,branchPinClause
FNDA:5921,skeletonClause
FNDA:684,resumeClause
FNDA:535,continuationClause
FNDA:3763,refreshReviewState
FNDA:1596,checkPostmortem
FNDA:22442,probeDocument
FNDA:2,rehydrateReviewState
FNDA:3759,resolveReviewState
FNDA:1600,resolvePostmortem
FNDA:14134,targetState
FNDA:1578,noApprovalRecord
FNDA:1628,tier1ApprovalRecord
FNDA:0,tier2ApprovalRecord
FNDA:26,authoringHaltError
FNDA:6996,dispatchAndVerify
FNDA:0,emit
FNDA:14134,observe
FNDA:2175,withDispatchRetry.label
FNDA:1,onFault
FNDA:6968,advisoryPacingCheck
FNDA:6623,groundingClause
FNDA:4840,reviewerPrompt
FNDA:584,optimizerPrompt
FNDA:7,recoverVerdict
FNDA:447,decisionsWarrantedTrailerRequirement
FNDA:1199,creatorPrompt
FNDA:43,erratumAuthorPrompt
FNDA:43,upstreamHeadClause
FNDA:88,erratumConfirmPrompt
FNDA:92,findingGrammarClause
FNDA:92,erratumSupersetClause
FNDA:4,cascadeConfirmPrompt
FNDA:11,implementPrompt
FNDA:339,waveImplementPrompt
FNDA:258,propertiesTestPrompt
FNDA:236,harvestPrompt
FNDA:16,advisoryDistilPrompt
FNDA:149,createPrPrompt
FNDA:164,rebasePrompt
FNDA:278,checkPrCi
FNDA:0,exec
FNDA:228,classifyCheckRollupEntry
FNDA:158,parsePrUrl
FNDA:173,parseRebaseStatus
FNDA:218,parseDodStatus
FNDA:200,dodVerifyPrompt
FNDA:25,dodReVerifyPrompt
FNDA:17,dodFindingPathTokens
FNDA:18,dodDocTypeForPath
FNDA:24,dodFindingDocType
FNDA:42,classifyDodFindings
FNDA:42,parseDodFindings
FNDA:100,findCol
FNDA:168,at
FNDA:9,dodDocAuthorSkill
FNDA:10,dodFindingLines
FNDA:10,dodDocRemediatePrompt
FNDA:20,dodRemediatePrompt
FNDA:20,dodRoutedAwayClause
FNDA:164,rebaseOntoDefault
FNDA:175,dodVerifyLoop
FNDA:10,withDispatchRetry.label
FNDA:20,withDispatchRetry.label
FNDA:149,raisePrAndVerifyCi
FNDA:129,_now
FNDA:3,_runAdvisorySeam
FNDA:1,_advisoryRecord
FNDA:218,evaluateBatchGate
FNDA:554,evaluateWaveDispatch
FNDA:23,outputTail
FNDA:213,evaluateSingleAgentGate
FNDA:870,computeTopologicalBatches
FNDA:4,findCyclePath
FNDA:12,dfs
FNDA:1424,topologicalReadySets
FNDA:555,computeWaves
FNDA:205,waveOwnedPaths
FNDA:89,laterOwnedPaths
FNDA:39,ownedSetCovers
FNDA:22,maskNonCode
FNDA:1765,blank
FNDA:1,regexOpensAfter
FNDA:1,regexLiteralEnd
FNDA:22,scanSkipTokens
FNDA:13,firstStringArgument
FNDA:22,titleNamesTask
FNDA:299,checkWaveUnskips
FNDA:7,formatUnskipViolations
FNDA:284,computePlanHash
FNDA:265,parseWaveLedger
FNDA:182,formatWaveLedger
FNDA:0,agent
FNDA:0,parallel
FNDA:2,pipeline
FNDA:0,phase
FNDA:4687,log
FNDA:4,sleep
FNDA:0,deadlineSleep
FNDA:1246,defaultReadFile
FNDA:3072,defaultHashFile
FNDA:1347,defaultHashNormalizedFile
FNDA:1810,defaultListFiles
FNDA:42,defaultWriteFile
FNDA:3,defaultAppendFile
FNDA:1090,defaultGit
FNDA:1090,exec
FNDA:778,gitWithLockRetry
FNDA:116,captureTreeSnapshot
FNDA:16,fail
FNDA:45,restoreTreeSnapshot
FNDA:3,uncommittedWorkRemedy
FNDA:222,commitPaths
FNDA:200,waveCommitMessage
FNDA:92,defaultRecordQueueRow
FNDA:5,gatherA4Context
FNDA:6,gatherA5Context
FNDA:374,main
FNDA:7127,agentFn
FNDA:364,readCurrentHead
FNDA:3574,recordPhase
FNDA:1931,phaseWindow
FNDA:1600,phaseGate
FNDA:1474,forcedDetail
FNDA:1572,wrappedDispatch
FNDA:768,erratumDocPath
FNDA:483,erratumDocHash
FNDA:40,snapshotErratumDocs
FNDA:87,deriveUpstreamState
FNDA:13,erratumPostmortemHalt
FNDA:26,cascadeDownstream
FNDA:44,erratumRound
FNDA:5,missingAgainst
FNDA:44,confirmRoundPaths
FNDA:44,dispatchConfirmers
FNDA:1506,routeErrata
FNDA:1532,admit
FNDA:40,tagMinted
FNDA:1600,converge
FNDA:10,advisoryNotice
FNDA:6,runA5AdvisorySeam
FNDA:295,afterConverged
FNDA:108,byKind
FNDA:6,ignore
FNDA:8,headCorroborated
FNDA:182,writeWaveLedger
FNDA:247,withDispatchRetry.label
FNDA:8,_advisoryRecord
FNDA:2,mergeWorktree
FNDA:4,exec
FNDA:374,buildFinalReport
DA:1,117
DA:2,117
DA:3,117
DA:4,117
DA:5,117
DA:6,117
DA:7,117
DA:8,117
DA:9,117
DA:10,117
DA:11,117
DA:12,117
DA:13,117
DA:14,117
DA:15,117
DA:16,117
DA:17,117
DA:18,117
DA:19,117
DA:20,117
DA:21,117
DA:22,117
DA:23,117
DA:24,117
DA:25,117
DA:26,117
DA:27,117
DA:28,117
DA:29,117
DA:30,117
DA:31,117
DA:32,117
DA:33,117
DA:34,117
DA:35,117
DA:36,117
DA:37,117
DA:38,117
DA:39,117
DA:40,117
DA:41,117
DA:42,117
DA:43,117
DA:44,117
DA:45,117
DA:46,117
DA:47,117
DA:48,117
DA:49,117
DA:50,117
DA:51,117
DA:52,117
DA:53,117
DA:54,117
DA:55,117
DA:56,117
DA:57,117
DA:58,117
DA:59,117
DA:60,117
DA:61,117
DA:62,117
DA:63,117
DA:64,117
DA:65,117
DA:66,117
DA:67,117
DA:68,117
DA:69,117
DA:70,117
DA:71,117
DA:72,117
DA:73,117
DA:74,117
DA:75,117
DA:76,117
DA:77,117
DA:78,117
DA:79,117
DA:80,117
DA:81,117
DA:82,117
DA:83,117
DA:84,117
DA:85,117
DA:86,117
DA:87,117
DA:88,117
DA:89,117
DA:90,117
DA:91,117
DA:92,117
DA:93,117
DA:94,117
DA:95,117
DA:96,117
DA:97,117
DA:98,117
DA:99,117
DA:100,117
DA:101,117
DA:102,117
DA:103,117
DA:104,117
DA:105,117
DA:106,117
DA:107,796
DA:108,796
DA:109,169
DA:110,169
DA:111,627
DA:112,627
DA:113,796
DA:114,5
DA:115,5
DA:116,622
DA:117,796
DA:118,73
DA:119,73
DA:120,549
DA:121,549
DA:122,573
DA:123,10
DA:124,10
DA:125,539
DA:126,539
DA:127,539
DA:128,567
DA:129,796
DA:130,796
DA:131,796
DA:132,796
DA:133,796
DA:134,796
DA:135,796
DA:136,796
DA:137,796
DA:138,796
DA:139,796
DA:140,796
DA:141,796
DA:142,796
DA:143,796
DA:144,796
DA:145,796
DA:146,796
DA:147,796
DA:148,796
DA:149,796
DA:150,124
DA:151,124
DA:152,796
DA:153,796
DA:154,796
DA:155,796
DA:156,796
DA:157,117
DA:158,117
DA:159,117
DA:160,117
DA:161,117
DA:162,117
DA:163,117
DA:164,117
DA:165,117
DA:166,117
DA:167,117
DA:168,117
DA:169,117
DA:170,117
DA:171,117
DA:172,117
DA:173,117
DA:174,117
DA:175,117
DA:176,117
DA:177,117
DA:178,117
DA:179,117
DA:180,117
DA:181,117
DA:182,117
DA:183,117
DA:184,117
DA:185,117
DA:186,117
DA:187,117
DA:188,117
DA:189,117
DA:190,117
DA:191,117
DA:192,298
DA:193,211
DA:194,211
DA:195,211
DA:196,298
DA:197,298
DA:198,298
DA:199,102
DA:200,102
DA:201,102
DA:202,102
DA:203,121
DA:204,2
DA:205,2
DA:206,100
DA:207,298
DA:208,88
DA:209,88
DA:210,121
DA:211,87
DA:212,87
DA:213,87
DA:214,87
DA:215,174
DA:216,90
DA:217,174
DA:218,1
DA:219,1
DA:220,87
DA:221,87
DA:222,87
DA:223,108
DA:224,7
DA:225,7
DA:226,5
DA:227,7
DA:228,2
DA:229,2
DA:230,7
DA:231,87
DA:232,87
DA:233,87
DA:234,87
DA:235,87
DA:236,108
DA:237,11
DA:238,11
DA:239,5
DA:240,11
DA:241,6
DA:242,6
DA:243,11
DA:244,87
DA:245,87
DA:246,87
DA:247,87
DA:248,87
DA:249,87
DA:250,87
DA:251,87
DA:252,87
DA:253,87
DA:254,87
DA:255,298
DA:256,117
DA:257,2403
DA:258,2403
DA:259,2403
DA:260,2403
DA:261,2384
DA:262,2403
DA:263,2403
DA:264,117
DA:265,539
DA:266,539
DA:267,539
DA:268,117
DA:269,539
DA:270,539
DA:271,539
DA:272,117
DA:273,117
DA:274,117
DA:275,117
DA:276,117
DA:277,117
DA:278,117
DA:279,117
DA:280,117
DA:281,117
DA:282,117
DA:283,117
DA:284,117
DA:285,117
DA:286,783
DA:287,783
DA:288,783
DA:289,3
DA:290,3
DA:291,783
DA:292,117
DA:293,117
DA:294,117
DA:295,117
DA:296,117
DA:297,117
DA:298,117
DA:299,117
DA:300,117
DA:301,117
DA:302,117
DA:303,117
DA:304,117
DA:305,117
DA:306,117
DA:307,117
DA:308,117
DA:309,117
DA:310,117
DA:311,117
DA:312,117
DA:313,117
DA:314,117
DA:315,117
DA:316,117
DA:317,117
DA:318,117
DA:319,117
DA:320,117
DA:321,117
DA:322,117
DA:323,117
DA:324,117
DA:325,117
DA:326,117
DA:327,117
DA:328,117
DA:329,117
DA:330,117
DA:331,117
DA:332,117
DA:333,117
DA:334,117
DA:335,117
DA:336,117
DA:337,117
DA:338,117
DA:339,117
DA:340,117
DA:341,117
DA:342,117
DA:343,117
DA:344,87
DA:345,87
DA:346,87
DA:347,117
DA:348,117
DA:349,117
DA:350,117
DA:351,117
DA:352,117
DA:353,117
DA:354,117
DA:355,117
DA:356,117
DA:357,117
DA:358,117
DA:359,117
DA:360,117
DA:361,117
DA:362,3385
DA:363,3385
DA:364,1384
DA:365,3385
DA:366,265
DA:367,3385
DA:368,86
DA:369,3385
DA:370,1354
DA:371,3385
DA:372,6
DA:373,3385
DA:374,67
DA:375,3385
DA:376,60
DA:377,3385
DA:378,75
DA:379,75
DA:380,75
DA:381,75
DA:382,75
DA:383,75
DA:384,75
DA:385,75
DA:386,75
DA:387,13
DA:388,13
DA:389,75
DA:390,75
DA:391,3385
DA:392,59
DA:393,59
DA:394,59
DA:395,3385
DA:396,28
DA:397,28
DA:398,28
DA:399,28
DA:400,3385
DA:401,1
DA:402,3385
DA:403,3385
DA:404,117
DA:405,117
DA:406,117
DA:407,117
DA:408,117
DA:409,117
DA:410,117
DA:411,117
DA:412,117
DA:413,117
DA:414,117
DA:415,117
DA:416,117
DA:417,117
DA:418,117
DA:419,117
DA:420,117
DA:421,117
DA:422,117
DA:423,117
DA:424,117
DA:425,117
DA:426,117
DA:427,117
DA:428,117
DA:429,117
DA:430,117
DA:431,117
DA:432,117
DA:433,117
DA:434,332
DA:435,332
DA:436,332
DA:437,332
DA:438,332
DA:439,332
DA:440,332
DA:441,332
DA:442,332
DA:443,332
DA:444,72
DA:445,72
DA:446,515
DA:447,515
DA:448,509
DA:449,509
DA:450,72
DA:451,72
DA:452,72
DA:453,576
DA:454,480
DA:455,480
DA:456,576
DA:457,72
DA:458,72
DA:459,72
DA:460,576
DA:461,96
DA:462,96
DA:463,576
DA:464,72
DA:465,72
DA:466,72
DA:467,332
DA:468,332
DA:469,332
DA:470,117
DA:471,117
DA:472,117
DA:473,117
DA:474,117
DA:475,117
DA:476,117
DA:477,117
DA:478,317
DA:479,317
DA:480,317
DA:481,317
DA:482,317
DA:483,5
DA:484,5
DA:485,5
DA:486,5
DA:487,5
DA:488,5
DA:489,0
DA:490,0
DA:491,5
DA:492,317
DA:493,317
DA:494,117
DA:495,117
DA:496,117
DA:497,117
DA:498,117
DA:499,117
DA:500,117
DA:501,117
DA:502,117
DA:503,244
DA:504,244
DA:505,244
DA:506,244
DA:507,244
DA:508,117
DA:509,117
DA:510,117
DA:511,117
DA:512,117
DA:513,117
DA:514,117
DA:515,117
DA:516,117
DA:517,383
DA:518,383
DA:519,383
DA:520,383
DA:521,383
DA:522,383
DA:523,108
DA:524,107
DA:525,93
DA:526,93
DA:527,93
DA:528,108
DA:529,9
DA:530,9
DA:531,108
DA:532,383
DA:533,383
DA:534,383
DA:535,117
DA:536,117
DA:537,117
DA:538,117
DA:539,117
DA:540,117
DA:541,117
DA:542,117
DA:543,117
DA:544,117
DA:545,117
DA:546,117
DA:547,117
DA:548,244
DA:549,244
DA:550,244
DA:551,244
DA:552,20
DA:553,20
DA:554,20
DA:555,36
DA:556,36
DA:557,12
DA:558,12
DA:559,244
DA:560,244
DA:561,117
DA:562,117
DA:563,117
DA:564,117
DA:565,117
DA:566,117
DA:567,117
DA:568,117
DA:569,117
DA:570,238
DA:571,238
DA:572,2
DA:573,2
DA:574,4
DA:575,4
DA:576,4
DA:577,4
DA:578,2
DA:579,2
DA:580,238
DA:581,117
DA:582,117
DA:583,117
DA:584,117
DA:585,117
DA:586,117
DA:587,117
DA:588,117
DA:589,117
DA:590,117
DA:591,117
DA:592,117
DA:593,117
DA:594,117
DA:595,1459
DA:596,1456
DA:597,1459
DA:598,1449
DA:599,1459
DA:600,1448
DA:601,1459
DA:602,117
DA:603,117
DA:604,117
DA:605,117
DA:606,117
DA:607,117
DA:608,117
DA:609,117
DA:610,117
DA:611,117
DA:612,117
DA:613,1408
DA:614,1403
DA:615,1403
DA:616,1403
DA:617,1408
DA:618,2
DA:619,2
DA:620,1408
DA:621,1408
DA:622,1399
DA:623,1408
DA:624,1408
DA:625,1408
DA:626,1408
DA:627,1408
DA:628,1408
DA:629,1408
DA:630,1408
DA:631,1408
DA:632,1408
DA:633,117
DA:634,117
DA:635,117
DA:636,117
DA:637,117
DA:638,117
DA:639,117
DA:640,117
DA:641,117
DA:642,80
DA:643,78
DA:644,78
DA:645,78
DA:646,80
DA:647,2
DA:648,2
DA:649,80
DA:650,80
DA:651,76
DA:652,80
DA:653,2
DA:654,2
DA:655,80
DA:656,74
DA:657,74
DA:658,80
DA:659,15
DA:660,15
DA:661,15
DA:662,73
DA:663,73
DA:664,73
DA:665,80
DA:666,80
DA:667,80
DA:668,80
DA:669,117
DA:670,117
DA:671,117
DA:672,117
DA:673,117
DA:674,117
DA:675,117
DA:676,117
DA:677,117
DA:678,117
DA:679,96
DA:680,92
DA:681,92
DA:682,92
DA:683,96
DA:684,2
DA:685,2
DA:686,90
DA:687,90
DA:688,90
DA:689,90
DA:690,90
DA:691,90
DA:692,90
DA:693,96
DA:694,348
DA:695,348
DA:696,348
DA:697,96
DA:698,1
DA:699,1
DA:700,96
DA:701,2
DA:702,2
DA:703,79
DA:704,79
DA:705,79
DA:706,79
DA:707,79
DA:708,79
DA:709,79
DA:710,79
DA:711,79
DA:712,96
DA:713,117
DA:714,117
DA:715,117
DA:716,117
DA:717,117
DA:718,117
DA:719,117
DA:720,117
DA:721,117
DA:722,117
DA:723,117
DA:724,117
DA:725,117
DA:726,117
DA:727,117
DA:728,117
DA:729,117
DA:730,1364
DA:731,1364
DA:732,1364
DA:733,1357
DA:734,1357
DA:735,1357
DA:736,1357
DA:737,0
DA:738,0
DA:739,1357
DA:740,1357
DA:741,1356
DA:742,1356
DA:743,2149
DA:744,2
DA:745,2
DA:746,2147
DA:747,2147
DA:748,1356
DA:749,1346
DA:750,1346
DA:751,1356
DA:752,1356
DA:753,1357
DA:754,1357
DA:755,1357
DA:756,16
DA:757,22
DA:758,6
DA:759,6
DA:760,6
DA:761,20
DA:762,1
DA:763,1
DA:764,20
DA:765,5
DA:766,5
DA:767,5
DA:768,5
DA:769,5
DA:770,7
DA:771,1
DA:772,1
DA:773,6
DA:774,7
DA:775,1
DA:776,1
DA:777,7
DA:778,4
DA:779,4
DA:780,1364
DA:781,117
DA:782,117
DA:783,117
DA:784,117
DA:785,117
DA:786,117
DA:787,117
DA:788,117
DA:789,117
DA:790,117
DA:791,117
DA:792,117
DA:793,70
DA:794,70
DA:795,65
DA:796,65
DA:797,65
DA:798,70
DA:799,5
DA:800,5
DA:801,70
DA:802,53
DA:803,53
DA:804,7
DA:805,70
DA:806,117
DA:807,117
DA:808,117
DA:809,117
DA:810,117
DA:811,117
DA:812,117
DA:813,117
DA:814,21
DA:815,21
DA:816,21
DA:817,21
DA:818,21
DA:819,21
DA:820,21
DA:821,8
DA:822,8
DA:823,8
DA:824,8
DA:825,8
DA:826,8
DA:827,21
DA:828,117
DA:829,117
DA:830,117
DA:831,117
DA:832,117
DA:833,117
DA:834,117
DA:835,117
DA:836,1382
DA:837,1382
DA:838,1382
DA:839,1382
DA:840,117
DA:841,117
DA:842,117
DA:843,117
DA:844,117
DA:845,117
DA:846,117
DA:847,117
DA:848,117
DA:849,117
DA:850,263
DA:851,263
DA:852,263
DA:853,263
DA:854,117
DA:855,117
DA:856,117
DA:857,117
DA:858,117
DA:859,117
DA:860,117
DA:861,117
DA:862,62
DA:863,61
DA:864,61
DA:865,61
DA:866,62
DA:867,73
DA:868,73
DA:869,73
DA:870,73
DA:871,73
DA:872,73
DA:873,71
DA:874,72
DA:875,13
DA:876,13
DA:877,1
DA:878,62
DA:879,117
DA:880,117
DA:881,117
DA:882,117
DA:883,117
DA:884,117
DA:885,83
DA:886,83
DA:887,83
DA:888,83
DA:889,117
DA:890,117
DA:891,117
DA:892,117
DA:893,117
DA:894,117
DA:895,117
DA:896,117
DA:897,117
DA:898,117
DA:899,117
DA:900,117
DA:901,117
DA:902,1351
DA:903,1351
DA:904,1351
DA:905,1351
DA:906,1351
DA:907,1350
DA:908,5
DA:909,1350
DA:910,4
DA:911,4
DA:912,4
DA:913,1351
DA:914,1351
DA:915,1351
DA:916,117
DA:917,117
DA:918,117
DA:919,117
DA:920,117
DA:921,117
DA:922,117
DA:923,1408
DA:924,1408
DA:925,1408
DA:926,117
DA:927,117
DA:928,117
DA:929,117
DA:930,117
DA:931,117
DA:932,117
DA:933,117
DA:934,117
DA:935,117
DA:936,117
DA:937,117
DA:938,117
DA:939,117
DA:940,117
DA:941,15606
DA:942,15606
DA:943,15606
DA:944,15606
DA:945,15606
DA:946,15606
DA:947,117
DA:948,117
DA:949,117
DA:950,117
DA:951,117
DA:952,117
DA:953,117
DA:954,117
DA:955,117
DA:956,117
DA:957,117
DA:958,117
DA:959,117
DA:960,117
DA:961,117
DA:962,117
DA:963,117
DA:964,17007
DA:965,140
DA:966,140
DA:967,16867
DA:968,17007
DA:969,17007
DA:970,117
DA:971,117
DA:972,117
DA:973,117
DA:974,117
DA:975,117
DA:976,117
DA:977,117
DA:978,117
DA:979,117
DA:980,117
DA:981,117
DA:982,117
DA:983,117
DA:984,117
DA:985,117
DA:986,117
DA:987,117
DA:988,117
DA:989,117
DA:990,117
DA:991,11222
DA:992,11222
DA:993,11212
DA:994,3576
DA:995,66
DA:996,66
DA:997,66
DA:998,66
DA:999,66
DA:1000,66
DA:1001,66
DA:1002,3510
DA:1003,3510
DA:1004,11212
DA:1005,60
DA:1006,60
DA:1007,11212
DA:1008,66
DA:1009,66
DA:1010,202
DA:1011,202
DA:1012,202
DA:1013,202
DA:1014,202
DA:1015,202
DA:1016,202
DA:1017,11222
DA:1018,117
DA:1019,10828
DA:1020,10828
DA:1021,10828
DA:1022,10828
DA:1023,10307
DA:1024,10828
DA:1025,10828
DA:1026,117
DA:1027,117
DA:1028,117
DA:1029,117
DA:1030,117
DA:1031,117
DA:1032,117
DA:1033,117
DA:1034,117
DA:1035,117
DA:1036,117
DA:1037,117
DA:1038,117
DA:1039,117
DA:1040,117
DA:1041,3415
DA:1042,3415
DA:1043,3415
DA:1044,3415
DA:1045,3415
DA:1046,3415
DA:1047,117
DA:1048,117
DA:1049,117
DA:1050,117
DA:1051,117
DA:1052,117
DA:1053,117
DA:1054,117
DA:1055,117
DA:1056,117
DA:1057,117
DA:1058,117
DA:1059,117
DA:1060,117
DA:1061,117
DA:1062,117
DA:1063,117
DA:1064,117
DA:1065,117
DA:1066,117
DA:1067,117
DA:1068,22352
DA:1069,22352
DA:1070,7
DA:1071,7
DA:1072,7
DA:1073,7
DA:1074,7
DA:1075,7
DA:1076,7
DA:1077,7
DA:1078,7
DA:1079,7
DA:1080,22345
DA:1081,22352
DA:1082,20
DA:1083,20
DA:1084,20
DA:1085,20
DA:1086,20
DA:1087,20
DA:1088,20
DA:1089,20
DA:1090,20
DA:1091,20
DA:1092,22325
DA:1093,22352
DA:1094,3619
DA:1095,3619
DA:1096,18706
DA:1097,22352
DA:1098,139
DA:1099,139
DA:1100,139
DA:1101,139
DA:1102,139
DA:1103,139
DA:1104,139
DA:1105,139
DA:1106,139
DA:1107,139
DA:1108,18567
DA:1109,18567
DA:1110,18567
DA:1111,22351
DA:1112,100
DA:1113,45
DA:1114,45
DA:1115,55
DA:1116,55
DA:1117,55
DA:1118,55
DA:1119,55
DA:1120,55
DA:1121,100
DA:1122,100
DA:1123,100
DA:1124,100
DA:1125,100
DA:1126,18467
DA:1127,22349
DA:1128,3557
DA:1129,3557
DA:1130,14910
DA:1131,14910
DA:1132,14910
DA:1133,22349
DA:1134,1099
DA:1135,1099
DA:1136,1099
DA:1137,1099
DA:1138,1099
DA:1139,1099
DA:1140,1099
DA:1141,1099
DA:1142,1099
DA:1143,1099
DA:1144,1099
DA:1145,13811
DA:1146,22349
DA:1147,136
DA:1148,136
DA:1149,136
DA:1150,136
DA:1151,136
DA:1152,136
DA:1153,136
DA:1154,136
DA:1155,136
DA:1156,136
DA:1157,13675
DA:1158,22349
DA:1159,19
DA:1160,19
DA:1161,19
DA:1162,19
DA:1163,19
DA:1164,19
DA:1165,19
DA:1166,19
DA:1167,19
DA:1168,19
DA:1169,13656
DA:1170,22349
DA:1171,2434
DA:1172,2434
DA:1173,11222
DA:1174,11222
DA:1175,22349
DA:1176,394
DA:1177,394
DA:1178,394
DA:1179,394
DA:1180,394
DA:1181,394
DA:1182,394
DA:1183,394
DA:1184,394
DA:1185,394
DA:1186,394
DA:1187,394
DA:1188,10828
DA:1189,22349
DA:1190,522
DA:1191,522
DA:1192,522
DA:1193,522
DA:1194,522
DA:1195,522
DA:1196,522
DA:1197,522
DA:1198,522
DA:1199,522
DA:1200,10306
DA:1201,22352
DA:1202,3303
DA:1203,3303
DA:1204,7003
DA:1205,22347
DA:1206,482
DA:1207,482
DA:1208,482
DA:1209,482
DA:1210,482
DA:1211,482
DA:1212,482
DA:1213,482
DA:1214,482
DA:1215,482
DA:1216,6521
DA:1217,6521
DA:1218,22340
DA:1219,22352
DA:1220,6419
DA:1221,22352
DA:1222,144
DA:1223,144
DA:1224,144
DA:1225,144
DA:1226,144
DA:1227,144
DA:1228,144
DA:1229,144
DA:1230,144
DA:1231,144
DA:1232,6377
DA:1233,22343
DA:1234,1356
DA:1235,1356
DA:1236,5021
DA:1237,22343
DA:1238,164
DA:1239,164
DA:1240,164
DA:1241,164
DA:1242,164
DA:1243,164
DA:1244,164
DA:1245,164
DA:1246,164
DA:1247,164
DA:1248,4857
DA:1249,22343
DA:1250,44
DA:1251,44
DA:1252,44
DA:1253,44
DA:1254,44
DA:1255,44
DA:1256,44
DA:1257,44
DA:1258,44
DA:1259,44
DA:1260,4813
DA:1261,22343
DA:1262,1292
DA:1263,1292
DA:1264,3521
DA:1265,22343
DA:1266,164
DA:1267,164
DA:1268,164
DA:1269,164
DA:1270,164
DA:1271,164
DA:1272,164
DA:1273,164
DA:1274,164
DA:1275,164
DA:1276,3357
DA:1277,3357
DA:1278,22343
DA:1279,128
DA:1280,128
DA:1281,128
DA:1282,128
DA:1283,128
DA:1284,128
DA:1285,128
DA:1286,128
DA:1287,128
DA:1288,128
DA:1289,3229
DA:1290,3229
DA:1291,3229
DA:1292,3229
DA:1293,3229
DA:1294,3229
DA:1295,3229
DA:1296,3229
DA:1297,3229
DA:1298,22352
DA:1299,1015
DA:1300,1015
DA:1301,1015
DA:1302,1015
DA:1303,1015
DA:1304,1015
DA:1305,1015
DA:1306,1015
DA:1307,1015
DA:1308,1015
DA:1309,2214
DA:1310,22337
DA:1311,1666
DA:1312,1666
DA:1313,548
DA:1314,548
DA:1315,548
DA:1316,548
DA:1317,548
DA:1318,548
DA:1319,548
DA:1320,548
DA:1321,548
DA:1322,548
DA:1323,548
DA:1324,22352
DA:1325,117
DA:1326,117
DA:1327,117
DA:1328,117
DA:1329,117
DA:1330,117
DA:1331,117
DA:1332,117
DA:1333,117
DA:1334,117
DA:1335,117
DA:1336,117
DA:1337,117
DA:1338,117
DA:1339,39
DA:1340,39
DA:1341,39
DA:1342,117
DA:1343,117
DA:1344,117
DA:1345,117
DA:1346,117
DA:1347,117
DA:1348,117
DA:1349,16
DA:1350,16
DA:1351,16
DA:1352,16
DA:1353,16
DA:1354,3
DA:1355,16
DA:1356,16
DA:1357,117
DA:1358,117
DA:1359,117
DA:1360,117
DA:1361,117
DA:1362,117
DA:1363,117
DA:1364,117
DA:1365,117
DA:1366,117
DA:1367,117
DA:1368,117
DA:1369,117
DA:1370,117
DA:1371,117
DA:1372,117
DA:1373,117
DA:1374,117
DA:1375,117
DA:1376,117
DA:1377,117
DA:1378,64
DA:1379,64
DA:1380,64
DA:1381,64
DA:1382,64
DA:1383,5
DA:1384,5
DA:1385,59
DA:1386,59
DA:1387,64
DA:1388,64
DA:1389,64
DA:1390,7
DA:1391,64
DA:1392,64
DA:1393,64
DA:1394,117
DA:1395,117
DA:1396,117
DA:1397,117
DA:1398,117
DA:1399,117
DA:1400,117
DA:1401,117
DA:1402,117
DA:1403,117
DA:1404,117
DA:1405,117
DA:1406,77
DA:1407,77
DA:1408,77
DA:1409,77
DA:1410,117
DA:1411,117
DA:1412,117
DA:1413,117
DA:1414,117
DA:1415,117
DA:1416,117
DA:1417,117
DA:1418,117
DA:1419,117
DA:1420,117
DA:1421,117
DA:1422,77
DA:1423,77
DA:1424,77
DA:1425,77
DA:1426,77
DA:1427,77
DA:1428,117
DA:1429,117
DA:1430,117
DA:1431,117
DA:1432,117
DA:1433,117
DA:1434,117
DA:1435,117
DA:1436,117
DA:1437,117
DA:1438,117
DA:1439,117
DA:1440,117
DA:1441,117
DA:1442,117
DA:1443,117
DA:1444,117
DA:1445,87
DA:1446,2
DA:1447,2
DA:1448,85
DA:1449,85
DA:1450,28
DA:1451,28
DA:1452,28
DA:1453,28
DA:1454,85
DA:1455,85
DA:1456,85
DA:1457,85
DA:1458,87
DA:1459,23
DA:1460,23
DA:1461,61
DA:1462,61
DA:1463,61
DA:1464,87
DA:1465,1
DA:1466,1
DA:1467,59
DA:1468,59
DA:1469,59
DA:1470,59
DA:1471,59
DA:1472,59
DA:1473,59
DA:1474,59
DA:1475,87
DA:1476,87
DA:1477,87
DA:1478,87
DA:1479,87
DA:1480,87
DA:1481,87
DA:1482,1
DA:1483,1
DA:1484,58
DA:1485,58
DA:1486,58
DA:1487,58
DA:1488,58
DA:1489,58
DA:1490,64
DA:1491,55
DA:1492,55
DA:1493,2
DA:1494,2
DA:1495,2
DA:1496,2
DA:1497,2
DA:1498,2
DA:1499,55
DA:1500,56
DA:1501,56
DA:1502,56
DA:1503,56
DA:1504,87
DA:1505,87
DA:1506,1
DA:1507,1
DA:1508,55
DA:1509,55
DA:1510,87
DA:1511,117
DA:1512,117
DA:1513,117
DA:1514,117
DA:1515,117
DA:1516,117
DA:1517,117
DA:1518,117
DA:1519,117
DA:1520,117
DA:1521,117
DA:1522,117
DA:1523,117
DA:1524,117
DA:1525,117
DA:1526,36
DA:1527,117
DA:1528,117
DA:1529,117
DA:1530,117
DA:1531,117
DA:1532,117
DA:1533,117
DA:1534,117
DA:1535,117
DA:1536,117
DA:1537,117
DA:1538,117
DA:1539,117
DA:1540,117
DA:1541,117
DA:1542,117
DA:1543,117
DA:1544,117
DA:1545,117
DA:1546,117
DA:1547,117
DA:1548,117
DA:1549,117
DA:1550,117
DA:1551,117
DA:1552,117
DA:1553,117
DA:1554,117
DA:1555,117
DA:1556,117
DA:1557,117
DA:1558,117
DA:1559,117
DA:1560,117
DA:1561,117
DA:1562,117
DA:1563,117
DA:1564,117
DA:1565,117
DA:1566,117
DA:1567,117
DA:1568,117
DA:1569,117
DA:1570,117
DA:1571,117
DA:1572,117
DA:1573,117
DA:1574,117
DA:1575,117
DA:1576,117
DA:1577,117
DA:1578,117
DA:1579,117
DA:1580,117
DA:1581,117
DA:1582,117
DA:1583,117
DA:1584,117
DA:1585,117
DA:1586,117
DA:1587,117
DA:1588,117
DA:1589,117
DA:1590,117
DA:1591,117
DA:1592,117
DA:1593,117
DA:1594,117
DA:1595,117
DA:1596,117
DA:1597,117
DA:1598,117
DA:1599,117
DA:1600,117
DA:1601,117
DA:1602,117
DA:1603,117
DA:1604,117
DA:1605,117
DA:1606,117
DA:1607,117
DA:1608,117
DA:1609,117
DA:1610,117
DA:1611,117
DA:1612,117
DA:1613,117
DA:1614,117
DA:1615,117
DA:1616,117
DA:1617,117
DA:1618,1615
DA:1619,1615
DA:1620,1615
DA:1621,1615
DA:1622,1615
DA:1623,1615
DA:1624,1615
DA:1625,1615
DA:1626,1615
DA:1627,1615
DA:1628,1615
DA:1629,1615
DA:1630,1615
DA:1631,1615
DA:1632,235
DA:1633,235
DA:1634,235
DA:1635,235
DA:1636,235
DA:1637,235
DA:1638,235
DA:1639,235
DA:1640,1615
DA:1641,1615
DA:1642,1615
DA:1643,1615
DA:1644,1615
DA:1645,1615
DA:1646,1612
DA:1647,1612
DA:1648,1612
DA:1649,1612
DA:1650,1612
DA:1651,1612
DA:1652,1612
DA:1653,1612
DA:1654,1612
DA:1655,1615
DA:1656,230
DA:1657,230
DA:1658,230
DA:1659,230
DA:1660,230
DA:1661,230
DA:1662,230
DA:1663,1615
DA:1664,1380
DA:1665,1380
DA:1666,1615
DA:1667,1615
DA:1668,1615
DA:1669,1615
DA:1670,1615
DA:1671,1615
DA:1672,1615
DA:1673,1615
DA:1674,1615
DA:1675,1615
DA:1676,1615
DA:1677,1615
DA:1678,1615
DA:1679,1615
DA:1680,1615
DA:1681,1615
DA:1682,1615
DA:1683,1615
DA:1684,1615
DA:1685,1615
DA:1686,1615
DA:1687,1615
DA:1688,1615
DA:1689,1615
DA:1690,1615
DA:1691,4537
DA:1692,4537
DA:1693,4537
DA:1694,51
DA:1695,51
DA:1696,51
DA:1697,51
DA:1698,4537
DA:1699,3110
DA:1700,4537
DA:1701,4537
DA:1702,1615
DA:1703,0
DA:1704,0
DA:1705,1376
DA:1706,1376
DA:1707,1376
DA:1708,1393
DA:1709,1301
DA:1710,1301
DA:1711,1301
DA:1712,1301
DA:1713,1301
DA:1714,1301
DA:1715,1301
DA:1716,1301
DA:1717,1301
DA:1718,1301
DA:1719,1301
DA:1720,1301
DA:1721,1301
DA:1722,75
DA:1723,75
DA:1724,75
DA:1725,75
DA:1726,75
DA:1727,75
DA:1728,75
DA:1729,1388
DA:1730,1615
DA:1731,49
DA:1732,1615
DA:1733,1615
DA:1734,1615
DA:1735,1615
DA:1736,1615
DA:1737,74
DA:1738,74
DA:1739,74
DA:1740,74
DA:1741,74
DA:1742,74
DA:1743,74
DA:1744,74
DA:1745,74
DA:1746,72
DA:1747,72
DA:1748,72
DA:1749,72
DA:1750,72
DA:1751,1615
DA:1752,1615
DA:1753,1615
DA:1754,1
DA:1755,1393
DA:1756,71
DA:1757,71
DA:1758,71
DA:1759,71
DA:1760,20
DA:1761,20
DA:1762,20
DA:1763,20
DA:1764,20
DA:1765,20
DA:1766,20
DA:1767,20
DA:1768,20
DA:1769,20
DA:1770,20
DA:1771,20
DA:1772,71
DA:1773,10
DA:1774,10
DA:1775,10
DA:1776,10
DA:1777,10
DA:1778,10
DA:1779,50
DA:1780,40
DA:1781,40
DA:1782,40
DA:1783,40
DA:1784,40
DA:1785,40
DA:1786,40
DA:1787,40
DA:1788,40
DA:1789,40
DA:1790,32
DA:1791,32
DA:1792,40
DA:1793,40
DA:1794,71
DA:1795,71
DA:1796,1393
DA:1797,21
DA:1798,21
DA:1799,21
DA:1800,21
DA:1801,71
DA:1802,71
DA:1803,71
DA:1804,71
DA:1805,71
DA:1806,71
DA:1807,71
DA:1808,71
DA:1809,71
DA:1810,71
DA:1811,71
DA:1812,1393
DA:1813,8
DA:1814,8
DA:1815,8
DA:1816,8
DA:1817,8
DA:1818,8
DA:1819,8
DA:1820,8
DA:1821,8
DA:1822,8
DA:1823,8
DA:1824,8
DA:1825,8
DA:1826,8
DA:1827,8
DA:1828,8
DA:1829,1615
DA:1830,117
DA:1831,117
DA:1832,117
DA:1833,117
DA:1834,117
DA:1835,117
DA:1836,117
DA:1837,117
DA:1838,117
DA:1839,117
DA:1840,117
DA:1841,117
DA:1842,117
DA:1843,117
DA:1844,117
DA:1845,117
DA:1846,117
DA:1847,117
DA:1848,117
DA:1849,117
DA:1850,117
DA:1851,117
DA:1852,117
DA:1853,117
DA:1854,117
DA:1855,117
DA:1856,117
DA:1857,117
DA:1858,117
DA:1859,117
DA:1860,117
DA:1861,117
DA:1862,117
DA:1863,117
DA:1864,117
DA:1865,117
DA:1866,117
DA:1867,117
DA:1868,117
DA:1869,117
DA:1870,117
DA:1871,117
DA:1872,117
DA:1873,117
DA:1874,117
DA:1875,117
DA:1876,117
DA:1877,117
DA:1878,117
DA:1879,117
DA:1880,117
DA:1881,117
DA:1882,117
DA:1883,117
DA:1884,117
DA:1885,117
DA:1886,117
DA:1887,117
DA:1888,117
DA:1889,117
DA:1890,117
DA:1891,117
DA:1892,117
DA:1893,117
DA:1894,117
DA:1895,117
DA:1896,117
DA:1897,117
DA:1898,117
DA:1899,117
DA:1900,117
DA:1901,117
DA:1902,117
DA:1903,117
DA:1904,117
DA:1905,117
DA:1906,117
DA:1907,117
DA:1908,117
DA:1909,117
DA:1910,117
DA:1911,117
DA:1912,117
DA:1913,117
DA:1914,117
DA:1915,117
DA:1916,117
DA:1917,117
DA:1918,117
DA:1919,117
DA:1920,117
DA:1921,117
DA:1922,117
DA:1923,117
DA:1924,117
DA:1925,117
DA:1926,117
DA:1927,117
DA:1928,117
DA:1929,117
DA:1930,117
DA:1931,117
DA:1932,117
DA:1933,117
DA:1934,117
DA:1935,117
DA:1936,117
DA:1937,117
DA:1938,117
DA:1939,117
DA:1940,117
DA:1941,117
DA:1942,117
DA:1943,117
DA:1944,117
DA:1945,117
DA:1946,117
DA:1947,117
DA:1948,117
DA:1949,117
DA:1950,117
DA:1951,117
DA:1952,117
DA:1953,117
DA:1954,117
DA:1955,117
DA:1956,117
DA:1957,117
DA:1958,117
DA:1959,117
DA:1960,117
DA:1961,117
DA:1962,117
DA:1963,117
DA:1964,117
DA:1965,117
DA:1966,117
DA:1967,117
DA:1968,117
DA:1969,117
DA:1970,117
DA:1971,117
DA:1972,117
DA:1973,117
DA:1974,117
DA:1975,117
DA:1976,117
DA:1977,117
DA:1978,117
DA:1979,117
DA:1980,117
DA:1981,117
DA:1982,117
DA:1983,117
DA:1984,117
DA:1985,117
DA:1986,117
DA:1987,117
DA:1988,117
DA:1989,117
DA:1990,117
DA:1991,117
DA:1992,117
DA:1993,117
DA:1994,117
DA:1995,117
DA:1996,117
DA:1997,117
DA:1998,117
DA:1999,117
DA:2000,117
DA:2001,117
DA:2002,117
DA:2003,117
DA:2004,117
DA:2005,117
DA:2006,117
DA:2007,117
DA:2008,117
DA:2009,117
DA:2010,117
DA:2011,117
DA:2012,117
DA:2013,117
DA:2014,117
DA:2015,820
DA:2016,3280
DA:2017,820
DA:2018,820
DA:2019,117
DA:2020,117
DA:2021,117
DA:2022,117
DA:2023,117
DA:2024,117
DA:2025,117
DA:2026,117
DA:2027,117
DA:2028,117
DA:2029,117
DA:2030,117
DA:2031,117
DA:2032,117
DA:2033,117
DA:2034,117
DA:2035,117
DA:2036,117
DA:2037,117
DA:2038,865
DA:2039,407
DA:2040,407
DA:2041,407
DA:2042,865
DA:2043,865
DA:2044,865
DA:2045,577
DA:2046,577
DA:2047,577
DA:2048,577
DA:2049,620
DA:2050,5
DA:2051,5
DA:2052,572
DA:2053,865
DA:2054,461
DA:2055,461
DA:2056,519
DA:2057,458
DA:2058,458
DA:2059,458
DA:2060,458
DA:2061,458
DA:2062,115
DA:2063,127
DA:2064,10
DA:2065,10
DA:2066,458
DA:2067,458
DA:2068,458
DA:2069,458
DA:2070,70
DA:2071,458
DA:2072,11
DA:2073,11
DA:2074,458
DA:2075,458
DA:2076,458
DA:2077,458
DA:2078,63
DA:2079,458
DA:2080,6
DA:2081,6
DA:2082,458
DA:2083,458
DA:2084,458
DA:2085,458
DA:2086,458
DA:2087,458
DA:2088,458
DA:2089,320
DA:2090,458
DA:2091,205
DA:2092,205
DA:2093,458
DA:2094,458
DA:2095,458
DA:2096,519
DA:2097,62
DA:2098,62
DA:2099,50
DA:2100,62
DA:2101,12
DA:2102,12
DA:2103,62
DA:2104,458
DA:2105,458
DA:2106,458
DA:2107,458
DA:2108,458
DA:2109,458
DA:2110,458
DA:2111,458
DA:2112,458
DA:2113,458
DA:2114,458
DA:2115,458
DA:2116,865
DA:2117,117
DA:2118,117
DA:2119,117
DA:2120,117
DA:2121,117
DA:2122,117
DA:2123,117
DA:2124,117
DA:2125,117
DA:2126,117
DA:2127,117
DA:2128,117
DA:2129,117
DA:2130,373
DA:2131,373
DA:2132,373
DA:2133,1
DA:2134,1
DA:2135,373
DA:2136,117
DA:2137,117
DA:2138,117
DA:2139,117
DA:2140,117
DA:2141,117
DA:2142,117
DA:2143,117
DA:2144,117
DA:2145,117
DA:2146,117
DA:2147,117
DA:2148,117
DA:2149,117
DA:2150,117
DA:2151,117
DA:2152,117
DA:2153,117
DA:2154,117
DA:2155,117
DA:2156,117
DA:2157,117
DA:2158,117
DA:2159,49
DA:2160,49
DA:2161,117
DA:2162,117
DA:2163,117
DA:2164,117
DA:2165,117
DA:2166,117
DA:2167,117
DA:2168,117
DA:2169,117
DA:2170,117
DA:2171,117
DA:2172,117
DA:2173,117
DA:2174,117
DA:2175,117
DA:2176,117
DA:2177,117
DA:2178,117
DA:2179,117
DA:2180,117
DA:2181,117
DA:2182,117
DA:2183,117
DA:2184,117
DA:2185,117
DA:2186,117
DA:2187,117
DA:2188,117
DA:2189,117
DA:2190,117
DA:2191,117
DA:2192,117
DA:2193,117
DA:2194,117
DA:2195,117
DA:2196,117
DA:2197,117
DA:2198,117
DA:2199,117
DA:2200,117
DA:2201,293
DA:2202,293
DA:2203,293
DA:2204,293
DA:2205,293
DA:2206,293
DA:2207,293
DA:2208,307
DA:2209,307
DA:2210,293
DA:2211,293
DA:2212,26
DA:2213,26
DA:2214,26
DA:2215,26
DA:2216,26
DA:2217,267
DA:2218,267
DA:2219,267
DA:2220,236
DA:2221,236
DA:2222,267
DA:2223,267
DA:2224,29
DA:2225,14
DA:2226,14
DA:2227,14
DA:2228,14
DA:2229,14
DA:2230,8
DA:2231,8
DA:2232,14
DA:2233,14
DA:2234,6
DA:2235,6
DA:2236,6
DA:2237,6
DA:2238,6
DA:2239,6
DA:2240,14
DA:2241,29
DA:2242,267
DA:2243,293
DA:2244,117
DA:2245,117
DA:2246,117
DA:2247,117
DA:2248,117
DA:2249,117
DA:2250,117
DA:2251,117
DA:2252,117
DA:2253,117
DA:2254,117
DA:2255,117
DA:2256,117
DA:2257,117
DA:2258,117
DA:2259,117
DA:2260,117
DA:2261,117
DA:2262,117
DA:2263,117
DA:2264,117
DA:2265,117
DA:2266,117
DA:2267,117
DA:2268,117
DA:2269,117
DA:2270,117
DA:2271,117
DA:2272,117
DA:2273,117
DA:2274,117
DA:2275,117
DA:2276,117
DA:2277,117
DA:2278,117
DA:2279,117
DA:2280,117
DA:2281,117
DA:2282,117
DA:2283,117
DA:2284,117
DA:2285,117
DA:2286,117
DA:2287,117
DA:2288,117
DA:2289,117
DA:2290,269
DA:2291,269
DA:2292,269
DA:2293,4
DA:2294,4
DA:2295,265
DA:2296,265
DA:2297,265
DA:2298,1590
DA:2299,1590
DA:2300,10014
DA:2301,10014
DA:2302,1506
DA:2303,1506
DA:2304,10014
DA:2305,1590
DA:2306,265
DA:2307,265
DA:2308,265
DA:2309,265
DA:2310,265
DA:2311,265
DA:2312,265
DA:2313,265
DA:2314,265
DA:2315,265
DA:2316,269
DA:2317,269
DA:2318,269
DA:2319,269
DA:2320,269
DA:2321,269
DA:2322,269
DA:2323,15
DA:2324,15
DA:2325,250
DA:2326,269
DA:2327,3
DA:2328,3
DA:2329,247
DA:2330,247
DA:2331,247
DA:2332,269
DA:2333,269
DA:2334,236
DA:2335,236
DA:2336,269
DA:2337,269
DA:2338,11
DA:2339,11
DA:2340,236
DA:2341,269
DA:2342,15
DA:2343,15
DA:2344,221
DA:2345,269
DA:2346,13
DA:2347,13
DA:2348,208
DA:2349,269
DA:2350,14
DA:2351,14
DA:2352,194
DA:2353,194
DA:2354,194
DA:2355,194
DA:2356,194
DA:2357,194
DA:2358,194
DA:2359,194
DA:2360,194
DA:2361,194
DA:2362,194
DA:2363,194
DA:2364,194
DA:2365,269
DA:2366,117
DA:2367,117
DA:2368,117
DA:2369,117
DA:2370,117
DA:2371,117
DA:2372,117
DA:2373,117
DA:2374,117
DA:2375,117
DA:2376,117
DA:2377,117
DA:2378,230
DA:2379,230
DA:2380,117
DA:2381,117
DA:2382,117
DA:2383,117
DA:2384,117
DA:2385,117
DA:2386,117
DA:2387,117
DA:2388,117
DA:2389,117
DA:2390,117
DA:2391,117
DA:2392,117
DA:2393,905
DA:2394,784
DA:2395,784
DA:2396,784
DA:2397,905
DA:2398,2723
DA:2399,2723
DA:2400,847
DA:2401,847
DA:2402,2723
DA:2403,784
DA:2404,905
DA:2405,905
DA:2406,117
DA:2407,117
DA:2408,117
DA:2409,117
DA:2410,117
DA:2411,117
DA:2412,117
DA:2413,117
DA:2414,117
DA:2415,117
DA:2416,117
DA:2417,117
DA:2418,117
DA:2419,117
DA:2420,117
DA:2421,606
DA:2422,453
DA:2423,906
DA:2424,906
DA:2425,1404
DA:2426,1404
DA:2427,1404
DA:2428,906
DA:2429,453
DA:2430,453
DA:2431,606
DA:2432,117
DA:2433,117
DA:2434,117
DA:2435,117
DA:2436,117
DA:2437,117
DA:2438,117
DA:2439,117
DA:2440,117
DA:2441,117
DA:2442,117
DA:2443,117
DA:2444,3409
DA:2445,3409
DA:2446,3409
DA:2447,3409
DA:2448,3409
DA:2449,6752
DA:2450,6752
DA:2451,3409
DA:2452,3409
DA:2453,117
DA:2454,117
DA:2455,117
DA:2456,117
DA:2457,117
DA:2458,117
DA:2459,117
DA:2460,117
DA:2461,117
DA:2462,117
DA:2463,117
DA:2464,117
DA:2465,117
DA:2466,117
DA:2467,117
DA:2468,117
DA:2469,117
DA:2470,117
DA:2471,117
DA:2472,117
DA:2473,117
DA:2474,117
DA:2475,117
DA:2476,117
DA:2477,117
DA:2478,117
DA:2479,117
DA:2480,117
DA:2481,117
DA:2482,117
DA:2483,715
DA:2484,2600
DA:2485,2600
DA:2486,0
DA:2487,715
DA:2488,117
DA:2489,117
DA:2490,117
DA:2491,117
DA:2492,117
DA:2493,117
DA:2494,117
DA:2495,117
DA:2496,117
DA:2497,117
DA:2498,117
DA:2499,117
DA:2500,117
DA:2501,117
DA:2502,117
DA:2503,117
DA:2504,117
DA:2505,117
DA:2506,117
DA:2507,117
DA:2508,117
DA:2509,117
DA:2510,117
DA:2511,117
DA:2512,117
DA:2513,117
DA:2514,117
DA:2515,117
DA:2516,117
DA:2517,1088
DA:2518,1088
DA:2519,15
DA:2520,15
DA:2521,1088
DA:2522,1088
DA:2523,117
DA:2524,117
DA:2525,117
DA:2526,117
DA:2527,117
DA:2528,117
DA:2529,117
DA:2530,117
DA:2531,117
DA:2532,117
DA:2533,117
DA:2534,117
DA:2535,117
DA:2536,117
DA:2537,117
DA:2538,663
DA:2539,663
DA:2540,663
DA:2541,663
DA:2542,117
DA:2543,117
DA:2544,117
DA:2545,117
DA:2546,117
DA:2547,117
DA:2548,117
DA:2549,117
DA:2550,117
DA:2551,117
DA:2552,117
DA:2553,117
DA:2554,117
DA:2555,117
DA:2556,11
DA:2557,11
DA:2558,11
DA:2559,11
DA:2560,117
DA:2561,117
DA:2562,117
DA:2563,117
DA:2564,117
DA:2565,117
DA:2566,117
DA:2567,117
DA:2568,117
DA:2569,117
DA:2570,117
DA:2571,117
DA:2572,117
DA:2573,117
DA:2574,1060
DA:2575,1060
DA:2576,1060
DA:2577,1060
DA:2578,4483
DA:2579,1060
DA:2580,6
DA:2581,6
DA:2582,4483
DA:2583,1054
DA:2584,1054
DA:2585,3
DA:2586,3
DA:2587,3423
DA:2588,1051
DA:2589,1051
DA:2590,1051
DA:2591,392
DA:2592,392
DA:2593,2369
DA:2594,659
DA:2595,0
DA:2596,0
DA:2597,659
DA:2598,659
DA:2599,659
DA:2600,265
DA:2601,265
DA:2602,659
DA:2603,4483
DA:2604,394
DA:2605,394
DA:2606,1060
DA:2607,117
DA:2608,117
DA:2609,117
DA:2610,117
DA:2611,117
DA:2612,117
DA:2613,117
DA:2614,117
DA:2615,117
DA:2616,117
DA:2617,117
DA:2618,117
DA:2619,117
DA:2620,117
DA:2621,117
DA:2622,117
DA:2623,117
DA:2624,117
DA:2625,117
DA:2626,117
DA:2627,117
DA:2628,117
DA:2629,117
DA:2630,117
DA:2631,117
DA:2632,117
DA:2633,117
DA:2634,117
DA:2635,117
DA:2636,117
DA:2637,117
DA:2638,71
DA:2639,71
DA:2640,71
DA:2641,71
DA:2642,71
DA:2643,71
DA:2644,83
DA:2645,83
DA:2646,83
DA:2647,15
DA:2648,15
DA:2649,83
DA:2650,14
DA:2651,14
DA:2652,83
DA:2653,13
DA:2654,13
DA:2655,13
DA:2656,13
DA:2657,13
DA:2658,83
DA:2659,83
DA:2660,83
DA:2661,13
DA:2662,13
DA:2663,71
DA:2664,71
DA:2665,71
DA:2666,117
DA:2667,117
DA:2668,117
DA:2669,117
DA:2670,117
DA:2671,117
DA:2672,117
DA:2673,117
DA:2674,117
DA:2675,117
DA:2676,117
DA:2677,117
DA:2678,162
DA:2679,162
DA:2680,162
DA:2681,162
DA:2682,560
DA:2683,560
DA:2684,237
DA:2685,237
DA:2686,237
DA:2687,560
DA:2688,162
DA:2689,162
DA:2690,117
DA:2691,117
DA:2692,117
DA:2693,117
DA:2694,117
DA:2695,117
DA:2696,117
DA:2697,117
DA:2698,117
DA:2699,117
DA:2700,117
DA:2701,117
DA:2702,117
DA:2703,117
DA:2704,117
DA:2705,117
DA:2706,117
DA:2707,117
DA:2708,5
DA:2709,5
DA:2710,5
DA:2711,5
DA:2712,5
DA:2713,5
DA:2714,5
DA:2715,5
DA:2716,5
DA:2717,117
DA:2718,117
DA:2719,117
DA:2720,117
DA:2721,117
DA:2722,117
DA:2723,117
DA:2724,117
DA:2725,117
DA:2726,117
DA:2727,117
DA:2728,117
DA:2729,15
DA:2730,6
DA:2731,6
DA:2732,6
DA:2733,0
DA:2734,0
DA:2735,0
DA:2736,0
DA:2737,0
DA:2738,0
DA:2739,6
DA:2740,6
DA:2741,15
DA:2742,15
DA:2743,15
DA:2744,15
DA:2745,6
DA:2746,15
DA:2747,15
DA:2748,15
DA:2749,0
DA:2750,15
DA:2751,15
DA:2752,15
DA:2753,0
DA:2754,15
DA:2755,15
DA:2756,15
DA:2757,15
DA:2758,15
DA:2759,15
DA:2760,117
DA:2761,117
DA:2762,117
DA:2763,117
DA:2764,117
DA:2765,296
DA:2766,296
DA:2767,296
DA:2768,296
DA:2769,296
DA:2770,296
DA:2771,296
DA:2772,296
DA:2773,117
DA:2774,117
DA:2775,117
DA:2776,117
DA:2777,117
DA:2778,117
DA:2779,117
DA:2780,117
DA:2781,117
DA:2782,117
DA:2783,117
DA:2784,117
DA:2785,117
DA:2786,117
DA:2787,117
DA:2788,117
DA:2789,117
DA:2790,117
DA:2791,117
DA:2792,117
DA:2793,117
DA:2794,117
DA:2795,117
DA:2796,117
DA:2797,117
DA:2798,117
DA:2799,12
DA:2800,12
DA:2801,12
DA:2802,12
DA:2803,12
DA:2804,5
DA:2805,5
DA:2806,5
DA:2807,5
DA:2808,6
DA:2809,6
DA:2810,6
DA:2811,6
DA:2812,5
DA:2813,5
DA:2814,5
DA:2815,5
DA:2816,5
DA:2817,5
DA:2818,5
DA:2819,5
DA:2820,5
DA:2821,5
DA:2822,5
DA:2823,12
DA:2824,12
DA:2825,12
DA:2826,12
DA:2827,12
DA:2828,5
DA:2829,5
DA:2830,12
DA:2831,12
DA:2832,12
DA:2833,12
DA:2834,3
DA:2835,12
DA:2836,12
DA:2837,5
DA:2838,5
DA:2839,5
DA:2840,3
DA:2841,3
DA:2842,2
DA:2843,5
DA:2844,0
DA:2845,0
DA:2846,2
DA:2847,5
DA:2848,12
DA:2849,12
DA:2850,12
DA:2851,12
DA:2852,12
DA:2853,117
DA:2854,117
DA:2855,117
DA:2856,117
DA:2857,117
DA:2858,117
DA:2859,117
DA:2860,117
DA:2861,117
DA:2862,117
DA:2863,117
DA:2864,26
DA:2865,26
DA:2866,26
DA:2867,26
DA:2868,23
DA:2869,26
DA:2870,26
DA:2871,26
DA:2872,26
DA:2873,26
DA:2874,0
DA:2875,0
DA:2876,26
DA:2877,117
DA:2878,117
DA:2879,117
DA:2880,117
DA:2881,26
DA:2882,26
DA:2883,26
DA:2884,16
DA:2885,16
DA:2886,26
DA:2887,26
DA:2888,26
DA:2889,117
DA:2890,117
DA:2891,117
DA:2892,117
DA:2893,117
DA:2894,117
DA:2895,117
DA:2896,117
DA:2897,117
DA:2898,117
DA:2899,117
DA:2900,117
DA:2901,117
DA:2902,117
DA:2903,117
DA:2904,117
DA:2905,117
DA:2906,117
DA:2907,117
DA:2908,117
DA:2909,117
DA:2910,117
DA:2911,117
DA:2912,117
DA:2913,6
DA:2914,6
DA:2915,6
DA:2916,0
DA:2917,0
DA:2918,6
DA:2919,6
DA:2920,6
DA:2921,6
DA:2922,117
DA:2923,117
DA:2924,25
DA:2925,25
DA:2926,25
DA:2927,25
DA:2928,25
DA:2929,25
DA:2930,25
DA:2931,25
DA:2932,25
DA:2933,25
DA:2934,25
DA:2935,25
DA:2936,25
DA:2937,25
DA:2938,25
DA:2939,25
DA:2940,25
DA:2941,25
DA:2942,25
DA:2943,25
DA:2944,25
DA:2945,25
DA:2946,25
DA:2947,25
DA:2948,25
DA:2949,25
DA:2950,23
DA:2951,23
DA:2952,23
DA:2953,25
DA:2954,25
DA:2955,25
DA:2956,25
DA:2957,25
DA:2958,25
DA:2959,25
DA:2960,25
DA:2961,25
DA:2962,25
DA:2963,25
DA:2964,25
DA:2965,25
DA:2966,25
DA:2967,25
DA:2968,16
DA:2969,16
DA:2970,16
DA:2971,0
DA:2972,0
DA:2973,16
DA:2974,25
DA:2975,25
DA:2976,8
DA:2977,8
DA:2978,8
DA:2979,8
DA:2980,8
DA:2981,1
DA:2982,1
DA:2983,1
DA:2984,1
DA:2985,1
DA:2986,7
DA:2987,7
DA:2988,8
DA:2989,25
DA:2990,25
DA:2991,25
DA:2992,21
DA:2993,21
DA:2994,21
DA:2995,21
DA:2996,1
DA:2997,1
DA:2998,20
DA:2999,21
DA:3000,2
DA:3001,2
DA:3002,18
DA:3003,21
DA:3004,1
DA:3005,1
DA:3006,21
DA:3007,25
DA:3008,25
DA:3009,17
DA:3010,17
DA:3011,17
DA:3012,17
DA:3013,17
DA:3014,25
DA:3015,25
DA:3016,25
DA:3017,10
DA:3018,10
DA:3019,10
DA:3020,10
DA:3021,10
DA:3022,10
DA:3023,10
DA:3024,10
DA:3025,10
DA:3026,10
DA:3027,25
DA:3028,25
DA:3029,25
DA:3030,25
DA:3031,6
DA:3032,1
DA:3033,25
DA:3034,25
DA:3035,8
DA:3036,0
DA:3037,0
DA:3038,0
DA:3039,0
DA:3040,0
DA:3041,0
DA:3042,8
DA:3043,8
DA:3044,0
DA:3045,0
DA:3046,0
DA:3047,0
DA:3048,0
DA:3049,0
DA:3050,8
DA:3051,8
DA:3052,25
DA:3053,25
DA:3054,25
DA:3055,25
DA:3056,25
DA:3057,117
DA:3058,117
DA:3059,117
DA:3060,117
DA:3061,117
DA:3062,117
DA:3063,117
DA:3064,117
DA:3065,117
DA:3066,117
DA:3067,117
DA:3068,117
DA:3069,117
DA:3070,117
DA:3071,117
DA:3072,117
DA:3073,117
DA:3074,117
DA:3075,117
DA:3076,117
DA:3077,117
DA:3078,120
DA:3079,120
DA:3080,120
DA:3081,120
DA:3082,120
DA:3083,120
DA:3084,120
DA:3085,120
DA:3086,120
DA:3087,120
DA:3088,120
DA:3089,120
DA:3090,120
DA:3091,120
DA:3092,120
DA:3093,120
DA:3094,120
DA:3095,120
DA:3096,120
DA:3097,120
DA:3098,120
DA:3099,120
DA:3100,120
DA:3101,120
DA:3102,120
DA:3103,120
DA:3104,120
DA:3105,120
DA:3106,120
DA:3107,120
DA:3108,120
DA:3109,120
DA:3110,120
DA:3111,120
DA:3112,120
DA:3113,120
DA:3114,6
DA:3115,7
DA:3116,7
DA:3117,7
DA:3118,2
DA:3119,1
DA:3120,6
DA:3121,120
DA:3122,120
DA:3123,103
DA:3124,103
DA:3125,103
DA:3126,103
DA:3127,103
DA:3128,103
DA:3129,103
DA:3130,103
DA:3131,103
DA:3132,120
DA:3133,120
DA:3134,122
DA:3135,122
DA:3136,122
DA:3137,122
DA:3138,122
DA:3139,122
DA:3140,122
DA:3141,122
DA:3142,129
DA:3143,129
DA:3144,1
DA:3145,1
DA:3146,129
DA:3147,122
DA:3148,122
DA:3149,122
DA:3150,120
DA:3151,120
DA:3152,120
DA:3153,120
DA:3154,99
DA:3155,99
DA:3156,99
DA:3157,99
DA:3158,99
DA:3159,99
DA:3160,99
DA:3161,99
DA:3162,99
DA:3163,99
DA:3164,99
DA:3165,99
DA:3166,99
DA:3167,120
DA:3168,120
DA:3169,120
DA:3170,120
DA:3171,120
DA:3172,96
DA:3173,96
DA:3174,96
DA:3175,96
DA:3176,96
DA:3177,96
DA:3178,96
DA:3179,96
DA:3180,96
DA:3181,96
DA:3182,96
DA:3183,96
DA:3184,3
DA:3185,3
DA:3186,96
DA:3187,9
DA:3188,9
DA:3189,84
DA:3190,84
DA:3191,84
DA:3192,84
DA:3193,84
DA:3194,84
DA:3195,84
DA:3196,84
DA:3197,84
DA:3198,84
DA:3199,84
DA:3200,84
DA:3201,84
DA:3202,84
DA:3203,84
DA:3204,96
DA:3205,6
DA:3206,6
DA:3207,6
DA:3208,6
DA:3209,6
DA:3210,6
DA:3211,6
DA:3212,6
DA:3213,6
DA:3214,6
DA:3215,6
DA:3216,6
DA:3217,3
DA:3218,3
DA:3219,3
DA:3220,3
DA:3221,3
DA:3222,3
DA:3223,3
DA:3224,3
DA:3225,3
DA:3226,3
DA:3227,3
DA:3228,3
DA:3229,6
DA:3230,84
DA:3231,120
DA:3232,120
DA:3233,120
DA:3234,120
DA:3235,120
DA:3236,62
DA:3237,62
DA:3238,62
DA:3239,62
DA:3240,62
DA:3241,62
DA:3242,62
DA:3243,62
DA:3244,120
DA:3245,120
DA:3246,120
DA:3247,120
DA:3248,120
DA:3249,120
DA:3250,120
DA:3251,120
DA:3252,120
DA:3253,120
DA:3254,120
DA:3255,120
DA:3256,120
DA:3257,96
DA:3258,96
DA:3259,96
DA:3260,96
DA:3261,96
DA:3262,96
DA:3263,96
DA:3264,96
DA:3265,96
DA:3266,120
DA:3267,120
DA:3268,38
DA:3269,120
DA:3270,120
DA:3271,43
DA:3272,43
DA:3273,43
DA:3274,43
DA:3275,43
DA:3276,43
DA:3277,43
DA:3278,43
DA:3279,43
DA:3280,43
DA:3281,12
DA:3282,12
DA:3283,12
DA:3284,12
DA:3285,43
DA:3286,39
DA:3287,39
DA:3288,39
DA:3289,39
DA:3290,23
DA:3291,120
DA:3292,120
DA:3293,120
DA:3294,120
DA:3295,120
DA:3296,117
DA:3297,117
DA:3298,117
DA:3299,117
DA:3300,117
DA:3301,62
DA:3302,62
DA:3303,34
DA:3304,62
DA:3305,117
DA:3306,117
DA:3307,117
DA:3308,117
DA:3309,117
DA:3310,94
DA:3311,94
DA:3312,117
DA:3313,117
DA:3314,117
DA:3315,117
DA:3316,117
DA:3317,117
DA:3318,117
DA:3319,117
DA:3320,117
DA:3321,306
DA:3322,306
DA:3323,4
DA:3324,4
DA:3325,4
DA:3326,2
DA:3327,2
DA:3328,2
DA:3329,2
DA:3330,306
DA:3331,105
DA:3332,105
DA:3333,105
DA:3334,19
DA:3335,19
DA:3336,86
DA:3337,86
DA:3338,199
DA:3339,306
DA:3340,117
DA:3341,117
DA:3342,117
DA:3343,117
DA:3344,117
DA:3345,117
DA:3346,117
DA:3347,117
DA:3348,9
DA:3349,9
DA:3350,9
DA:3351,9
DA:3352,6
DA:3353,6
DA:3354,6
DA:3355,6
DA:3356,3
DA:3357,6
DA:3358,6
DA:3359,6
DA:3360,6
DA:3361,9
DA:3362,117
DA:3363,117
DA:3364,117
DA:3365,117
DA:3366,117
DA:3367,117
DA:3368,117
DA:3369,117
DA:3370,117
DA:3371,117
DA:3372,117
DA:3373,117
DA:3374,117
DA:3375,117
DA:3376,117
DA:3377,117
DA:3378,117
DA:3379,117
DA:3380,117
DA:3381,117
DA:3382,117
DA:3383,117
DA:3384,117
DA:3385,108
DA:3386,108
DA:3387,108
DA:3388,108
DA:3389,108
DA:3390,108
DA:3391,108
DA:3392,108
DA:3393,108
DA:3394,108
DA:3395,108
DA:3396,108
DA:3397,108
DA:3398,108
DA:3399,108
DA:3400,108
DA:3401,108
DA:3402,108
DA:3403,108
DA:3404,108
DA:3405,108
DA:3406,108
DA:3407,108
DA:3408,108
DA:3409,108
DA:3410,108
DA:3411,108
DA:3412,108
DA:3413,108
DA:3414,108
DA:3415,108
DA:3416,108
DA:3417,108
DA:3418,108
DA:3419,108
DA:3420,108
DA:3421,108
DA:3422,108
DA:3423,108
DA:3424,108
DA:3425,108
DA:3426,108
DA:3427,108
DA:3428,108
DA:3429,108
DA:3430,4
DA:3431,4
DA:3432,104
DA:3433,104
DA:3434,104
DA:3435,104
DA:3436,104
DA:3437,104
DA:3438,104
DA:3439,104
DA:3440,104
DA:3441,104
DA:3442,104
DA:3443,104
DA:3444,104
DA:3445,104
DA:3446,104
DA:3447,104
DA:3448,104
DA:3449,105
DA:3450,10
DA:3451,10
DA:3452,10
DA:3453,10
DA:3454,10
DA:3455,10
DA:3456,10
DA:3457,10
DA:3458,10
DA:3459,10
DA:3460,10
DA:3461,10
DA:3462,10
DA:3463,10
DA:3464,10
DA:3465,10
DA:3466,10
DA:3467,10
DA:3468,10
DA:3469,10
DA:3470,10
DA:3471,10
DA:3472,3
DA:3473,3
DA:3474,3
DA:3475,3
DA:3476,10
DA:3477,10
DA:3478,10
DA:3479,10
DA:3480,10
DA:3481,10
DA:3482,10
DA:3483,10
DA:3484,10
DA:3485,10
DA:3486,10
DA:3487,10
DA:3488,10
DA:3489,10
DA:3490,10
DA:3491,10
DA:3492,10
DA:3493,10
DA:3494,10
DA:3495,10
DA:3496,10
DA:3497,10
DA:3498,1
DA:3499,1
DA:3500,1
DA:3501,1
DA:3502,10
DA:3503,10
DA:3504,10
DA:3505,10
DA:3506,10
DA:3507,10
DA:3508,10
DA:3509,10
DA:3510,10
DA:3511,10
DA:3512,10
DA:3513,10
DA:3514,10
DA:3515,10
DA:3516,10
DA:3517,10
DA:3518,10
DA:3519,94
DA:3520,94
DA:3521,94
DA:3522,94
DA:3523,94
DA:3524,94
DA:3525,94
DA:3526,94
DA:3527,94
DA:3528,94
DA:3529,108
DA:3530,108
DA:3531,108
DA:3532,108
DA:3533,108
DA:3534,108
DA:3535,108
DA:3536,108
DA:3537,108
DA:3538,108
DA:3539,108
DA:3540,108
DA:3541,108
DA:3542,108
DA:3543,108
DA:3544,108
DA:3545,102
DA:3546,102
DA:3547,102
DA:3548,102
DA:3549,102
DA:3550,7
DA:3551,7
DA:3552,95
DA:3553,108
DA:3554,108
DA:3555,89
DA:3556,89
DA:3557,89
DA:3558,89
DA:3559,89
DA:3560,89
DA:3561,89
DA:3562,89
DA:3563,108
DA:3564,108
DA:3565,53
DA:3566,53
DA:3567,53
DA:3568,108
DA:3569,108
DA:3570,108
DA:3571,108
DA:3572,108
DA:3573,108
DA:3574,108
DA:3575,108
DA:3576,108
DA:3577,108
DA:3578,108
DA:3579,108
DA:3580,108
DA:3581,108
DA:3582,108
DA:3583,108
DA:3584,108
DA:3585,108
DA:3586,94
DA:3587,94
DA:3588,94
DA:3589,94
DA:3590,94
DA:3591,105
DA:3592,108
DA:3593,108
DA:3594,108
DA:3595,108
DA:3596,108
DA:3597,108
DA:3598,94
DA:3599,94
DA:3600,94
DA:3601,94
DA:3602,94
DA:3603,94
DA:3604,94
DA:3605,94
DA:3606,94
DA:3607,94
DA:3608,94
DA:3609,94
DA:3610,105
DA:3611,72
DA:3612,72
DA:3613,94
DA:3614,94
DA:3615,94
DA:3616,94
DA:3617,94
DA:3618,108
DA:3619,108
DA:3620,108
DA:3621,108
DA:3622,108
DA:3623,108
DA:3624,108
DA:3625,108
DA:3626,108
DA:3627,108
DA:3628,108
DA:3629,108
DA:3630,117
DA:3631,117
DA:3632,117
DA:3633,117
DA:3634,117
DA:3635,117
DA:3636,117
DA:3637,117
DA:3638,117
DA:3639,117
DA:3640,4123
DA:3641,4123
DA:3642,4123
DA:3643,117
DA:3644,117
DA:3645,117
DA:3646,117
DA:3647,117
DA:3648,117
DA:3649,117
DA:3650,117
DA:3651,117
DA:3652,117
DA:3653,117
DA:3654,117
DA:3655,117
DA:3656,117
DA:3657,117
DA:3658,117
DA:3659,513
DA:3660,513
DA:3661,513
DA:3662,513
DA:3663,513
DA:3664,513
DA:3665,513
DA:3666,513
DA:3667,513
DA:3668,513
DA:3669,513
DA:3670,513
DA:3671,513
DA:3672,513
DA:3673,513
DA:3674,513
DA:3675,513
DA:3676,513
DA:3677,513
DA:3678,513
DA:3679,513
DA:3680,513
DA:3681,513
DA:3682,513
DA:3683,513
DA:3684,513
DA:3685,513
DA:3686,513
DA:3687,513
DA:3688,513
DA:3689,513
DA:3690,513
DA:3691,513
DA:3692,513
DA:3693,513
DA:3694,513
DA:3695,3
DA:3696,3
DA:3697,3
DA:3698,513
DA:3699,513
DA:3700,513
DA:3701,513
DA:3702,513
DA:3703,513
DA:3704,513
DA:3705,513
DA:3706,513
DA:3707,513
DA:3708,117
DA:3709,117
DA:3710,117
DA:3711,117
DA:3712,117
DA:3713,117
DA:3714,117
DA:3715,117
DA:3716,117
DA:3717,117
DA:3718,198
DA:3719,198
DA:3720,198
DA:3721,198
DA:3722,198
DA:3723,117
DA:3724,117
DA:3725,117
DA:3726,117
DA:3727,117
DA:3728,117
DA:3729,117
DA:3730,117
DA:3731,117
DA:3732,117
DA:3733,117
DA:3734,117
DA:3735,117
DA:3736,117
DA:3737,117
DA:3738,117
DA:3739,117
DA:3740,117
DA:3741,117
DA:3742,60
DA:3743,60
DA:3744,60
DA:3745,360
DA:3746,360
DA:3747,360
DA:3748,360
DA:3749,360
DA:3750,360
DA:3751,360
DA:3752,360
DA:3753,360
DA:3754,360
DA:3755,360
DA:3756,360
DA:3757,360
DA:3758,360
DA:3759,60
DA:3760,60
DA:3761,60
DA:3762,60
DA:3763,360
DA:3764,360
DA:3765,360
DA:3766,360
DA:3767,60
DA:3768,60
DA:3769,60
DA:3770,60
DA:3771,60
DA:3772,60
DA:3773,60
DA:3774,60
DA:3775,60
DA:3776,60
DA:3777,60
DA:3778,117
DA:3779,117
DA:3780,117
DA:3781,117
DA:3782,117
DA:3783,117
DA:3784,117
DA:3785,117
DA:3786,117
DA:3787,117
DA:3788,117
DA:3789,117
DA:3790,117
DA:3791,117
DA:3792,117
DA:3793,117
DA:3794,117
DA:3795,117
DA:3796,117
DA:3797,239
DA:3798,239
DA:3799,239
DA:3800,239
DA:3801,239
DA:3802,239
DA:3803,239
DA:3804,239
DA:3805,239
DA:3806,239
DA:3807,239
DA:3808,239
DA:3809,239
DA:3810,239
DA:3811,239
DA:3812,239
DA:3813,239
DA:3814,239
DA:3815,239
DA:3816,239
DA:3817,239
DA:3818,239
DA:3819,239
DA:3820,239
DA:3821,239
DA:3822,239
DA:3823,239
DA:3824,239
DA:3825,239
DA:3826,239
DA:3827,239
DA:3828,239
DA:3829,239
DA:3830,239
DA:3831,239
DA:3832,239
DA:3833,239
DA:3834,239
DA:3835,239
DA:3836,239
DA:3837,117
DA:3838,117
DA:3839,117
DA:3840,117
DA:3841,117
DA:3842,117
DA:3843,117
DA:3844,117
DA:3845,117
DA:3846,117
DA:3847,117
DA:3848,117
DA:3849,170
DA:3850,170
DA:3851,170
DA:3852,170
DA:3853,117
DA:3854,117
DA:3855,117
DA:3856,117
DA:3857,117
DA:3858,117
DA:3859,117
DA:3860,117
DA:3861,117
DA:3862,117
DA:3863,117
DA:3864,117
DA:3865,117
DA:3866,117
DA:3867,73
DA:3868,73
DA:3869,73
DA:3870,73
DA:3871,73
DA:3872,117
DA:3873,117
DA:3874,117
DA:3875,117
DA:3876,117
DA:3877,117
DA:3878,117
DA:3879,117
DA:3880,117
DA:3881,117
DA:3882,117
DA:3883,117
DA:3884,117
DA:3885,117
DA:3886,117
DA:3887,117
DA:3888,117
DA:3889,117
DA:3890,117
DA:3891,117
DA:3892,117
DA:3893,117
DA:3894,117
DA:3895,117
DA:3896,117
DA:3897,117
DA:3898,117
DA:3899,117
DA:3900,117
DA:3901,117
DA:3902,117
DA:3903,117
DA:3904,117
DA:3905,117
DA:3906,117
DA:3907,117
DA:3908,117
DA:3909,117
DA:3910,135
DA:3911,135
DA:3912,135
DA:3913,135
DA:3914,135
DA:3915,135
DA:3916,135
DA:3917,135
DA:3918,117
DA:3919,117
DA:3920,117
DA:3921,117
DA:3922,117
DA:3923,117
DA:3924,117
DA:3925,117
DA:3926,117
DA:3927,117
DA:3928,117
DA:3929,117
DA:3930,117
DA:3931,117
DA:3932,117
DA:3933,117
DA:3934,117
DA:3935,117
DA:3936,117
DA:3937,117
DA:3938,117
DA:3939,117
DA:3940,117
DA:3941,117
DA:3942,117
DA:3943,117
DA:3944,117
DA:3945,117
DA:3946,117
DA:3947,117
DA:3948,117
DA:3949,155
DA:3950,155
DA:3951,155
DA:3952,117
DA:3953,117
DA:3954,117
DA:3955,117
DA:3956,117
DA:3957,117
DA:3958,117
DA:3959,117
DA:3960,117
DA:3961,117
DA:3962,117
DA:3963,117
DA:3964,117
DA:3965,117
DA:3966,117
DA:3967,117
DA:3968,117
DA:3969,117
DA:3970,117
DA:3971,117
DA:3972,117
DA:3973,117
DA:3974,117
DA:3975,117
DA:3976,117
DA:3977,117
DA:3978,117
DA:3979,117
DA:3980,117
DA:3981,117
DA:3982,117
DA:3983,117
DA:3984,117
DA:3985,117
DA:3986,117
DA:3987,117
DA:3988,117
DA:3989,117
DA:3990,117
DA:3991,117
DA:3992,117
DA:3993,117
DA:3994,117
DA:3995,117
DA:3996,117
DA:3997,117
DA:3998,117
DA:3999,117
DA:4000,117
DA:4001,117
DA:4002,117
DA:4003,194
DA:4004,194
DA:4005,194
DA:4006,194
DA:4007,194
DA:4008,194
DA:4009,194
DA:4010,194
DA:4011,194
DA:4012,194
DA:4013,194
DA:4014,194
DA:4015,194
DA:4016,194
DA:4017,194
DA:4018,194
DA:4019,194
DA:4020,194
DA:4021,194
DA:4022,194
DA:4023,194
DA:4024,194
DA:4025,194
DA:4026,194
DA:4027,194
DA:4028,194
DA:4029,194
DA:4030,194
DA:4031,194
DA:4032,194
DA:4033,194
DA:4034,194
DA:4035,194
DA:4036,194
DA:4037,12
DA:4038,12
DA:4039,182
DA:4040,182
DA:4041,182
DA:4042,182
DA:4043,182
DA:4044,182
DA:4045,182
DA:4046,182
DA:4047,182
DA:4048,182
DA:4049,182
DA:4050,182
DA:4051,182
DA:4052,182
DA:4053,182
DA:4054,182
DA:4055,182
DA:4056,182
DA:4057,111
DA:4058,111
DA:4059,111
DA:4060,182
DA:4061,182
DA:4062,182
DA:4063,182
DA:4064,182
DA:4065,182
DA:4066,15
DA:4067,15
DA:4068,15
DA:4069,15
DA:4070,15
DA:4071,15
DA:4072,15
DA:4073,15
DA:4074,15
DA:4075,15
DA:4076,9
DA:4077,9
DA:4078,9
DA:4079,9
DA:4080,9
DA:4081,9
DA:4082,9
DA:4083,9
DA:4084,6
DA:4085,15
DA:4086,182
DA:4087,182
DA:4088,182
DA:4089,182
DA:4090,55
DA:4091,55
DA:4092,55
DA:4093,1
DA:4094,1
DA:4095,1
DA:4096,55
DA:4097,182
DA:4098,182
DA:4099,182
DA:4100,182
DA:4101,182
DA:4102,180
DA:4103,180
DA:4104,180
DA:4105,180
DA:4106,180
DA:4107,180
DA:4108,180
DA:4109,180
DA:4110,180
DA:4111,180
DA:4112,180
DA:4113,180
DA:4114,180
DA:4115,180
DA:4116,180
DA:4117,180
DA:4118,180
DA:4119,180
DA:4120,180
DA:4121,180
DA:4122,180
DA:4123,180
DA:4124,180
DA:4125,180
DA:4126,180
DA:4127,180
DA:4128,2
DA:4129,2
DA:4130,2
DA:4131,2
DA:4132,180
DA:4133,180
DA:4134,180
DA:4135,180
DA:4136,180
DA:4137,180
DA:4138,180
DA:4139,180
DA:4140,180
DA:4141,180
DA:4142,180
DA:4143,180
DA:4144,180
DA:4145,180
DA:4146,180
DA:4147,180
DA:4148,180
DA:4149,180
DA:4150,180
DA:4151,180
DA:4152,180
DA:4153,180
DA:4154,180
DA:4155,180
DA:4156,135
DA:4157,135
DA:4158,135
DA:4159,135
DA:4160,135
DA:4161,135
DA:4162,135
DA:4163,135
DA:4164,135
DA:4165,135
DA:4166,135
DA:4167,135
DA:4168,135
DA:4169,135
DA:4170,135
DA:4171,135
DA:4172,135
DA:4173,135
DA:4174,135
DA:4175,135
DA:4176,135
DA:4177,4
DA:4178,4
DA:4179,4
DA:4180,4
DA:4181,4
DA:4182,4
DA:4183,135
DA:4184,135
DA:4185,180
DA:4186,180
DA:4187,180
DA:4188,182
DA:4189,182
DA:4190,182
DA:4191,182
DA:4192,182
DA:4193,182
DA:4194,182
DA:4195,182
DA:4196,182
DA:4197,182
DA:4198,182
DA:4199,182
DA:4200,182
DA:4201,182
DA:4202,182
DA:4203,182
DA:4204,182
DA:4205,182
DA:4206,182
DA:4207,182
DA:4208,182
DA:4209,182
DA:4210,182
DA:4211,183
DA:4212,201
DA:4213,201
DA:4214,201
DA:4215,201
DA:4216,201
DA:4217,201
DA:4218,201
DA:4219,201
DA:4220,11
DA:4221,11
DA:4222,11
DA:4223,11
DA:4224,11
DA:4225,11
DA:4226,11
DA:4227,11
DA:4228,11
DA:4229,190
DA:4230,190
DA:4231,190
DA:4232,190
DA:4233,190
DA:4234,190
DA:4235,190
DA:4236,190
DA:4237,189
DA:4238,201
DA:4239,2
DA:4240,2
DA:4241,2
DA:4242,187
DA:4243,187
DA:4244,187
DA:4245,201
DA:4246,4
DA:4247,4
DA:4248,4
DA:4249,4
DA:4250,4
DA:4251,4
DA:4252,4
DA:4253,4
DA:4254,4
DA:4255,4
DA:4256,2
DA:4257,2
DA:4258,2
DA:4259,2
DA:4260,183
DA:4261,183
DA:4262,183
DA:4263,183
DA:4264,183
DA:4265,183
DA:4266,201
DA:4267,5
DA:4268,5
DA:4269,5
DA:4270,5
DA:4271,0
DA:4272,0
DA:4273,5
DA:4274,183
DA:4275,183
DA:4276,201
DA:4277,11
DA:4278,11
DA:4279,5
DA:4280,5
DA:4281,172
DA:4282,172
DA:4283,172
DA:4284,172
DA:4285,172
DA:4286,172
DA:4287,172
DA:4288,172
DA:4289,172
DA:4290,172
DA:4291,172
DA:4292,188
DA:4293,100
DA:4294,100
DA:4295,4
DA:4296,4
DA:4297,4
DA:4298,4
DA:4299,4
DA:4300,1
DA:4301,1
DA:4302,100
DA:4303,9
DA:4304,9
DA:4305,9
DA:4306,9
DA:4307,9
DA:4308,9
DA:4309,9
DA:4310,9
DA:4311,9
DA:4312,9
DA:4313,100
DA:4314,159
DA:4315,159
DA:4316,159
DA:4317,159
DA:4318,159
DA:4319,159
DA:4320,159
DA:4321,159
DA:4322,201
DA:4323,4
DA:4324,4
DA:4325,155
DA:4326,155
DA:4327,155
DA:4328,155
DA:4329,155
DA:4330,155
DA:4331,155
DA:4332,155
DA:4333,155
DA:4334,155
DA:4335,155
DA:4336,155
DA:4337,155
DA:4338,155
DA:4339,155
DA:4340,155
DA:4341,155
DA:4342,155
DA:4343,155
DA:4344,155
DA:4345,155
DA:4346,201
DA:4347,57
DA:4348,57
DA:4349,57
DA:4350,57
DA:4351,98
DA:4352,98
DA:4353,98
DA:4354,98
DA:4355,201
DA:4356,3
DA:4357,2
DA:4358,2
DA:4359,95
DA:4360,95
DA:4361,95
DA:4362,95
DA:4363,201
DA:4364,201
DA:4365,201
DA:4366,20
DA:4367,20
DA:4368,20
DA:4369,20
DA:4370,20
DA:4371,20
DA:4372,20
DA:4373,20
DA:4374,20
DA:4375,75
DA:4376,75
DA:4377,75
DA:4378,75
DA:4379,75
DA:4380,75
DA:4381,30
DA:4382,30
DA:4383,30
DA:4384,30
DA:4385,30
DA:4386,30
DA:4387,30
DA:4388,24
DA:4389,24
DA:4390,24
DA:4391,24
DA:4392,24
DA:4393,24
DA:4394,24
DA:4395,24
DA:4396,24
DA:4397,24
DA:4398,13
DA:4399,13
DA:4400,11
DA:4401,11
DA:4402,6
DA:4403,6
DA:4404,75
DA:4405,43
DA:4406,43
DA:4407,43
DA:4408,43
DA:4409,194
DA:4410,4
DA:4411,4
DA:4412,2
DA:4413,2
DA:4414,2
DA:4415,2
DA:4416,2
DA:4417,2
DA:4418,2
DA:4419,2
DA:4420,2
DA:4421,2
DA:4422,2
DA:4423,4
DA:4424,4
DA:4425,4
DA:4426,4
DA:4427,4
DA:4428,4
DA:4429,194
DA:4430,117
DA:4431,117
DA:4432,117
DA:4433,117
DA:4434,117
DA:4435,117
DA:4436,117
DA:4437,117
DA:4438,117
DA:4439,117
DA:4440,117
DA:4441,117
DA:4442,117
DA:4443,117
DA:4444,117
DA:4445,117
DA:4446,117
DA:4447,117
DA:4448,117
DA:4449,117
DA:4450,117
DA:4451,117
DA:4452,117
DA:4453,117
DA:4454,117
DA:4455,117
DA:4456,117
DA:4457,117
DA:4458,117
DA:4459,117
DA:4460,117
DA:4461,117
DA:4462,117
DA:4463,117
DA:4464,117
DA:4465,117
DA:4466,117
DA:4467,117
DA:4468,117
DA:4469,117
DA:4470,117
DA:4471,117
DA:4472,117
DA:4473,117
DA:4474,117
DA:4475,117
DA:4476,117
DA:4477,117
DA:4478,117
DA:4479,117
DA:4480,117
DA:4481,117
DA:4482,117
DA:4483,117
DA:4484,117
DA:4485,117
DA:4486,117
DA:4487,117
DA:4488,117
DA:4489,117
DA:4490,117
DA:4491,117
DA:4492,117
DA:4493,117
DA:4494,117
DA:4495,117
DA:4496,117
DA:4497,117
DA:4498,117
DA:4499,117
DA:4500,117
DA:4501,117
DA:4502,117
DA:4503,117
DA:4504,117
DA:4505,117
DA:4506,117
DA:4507,117
DA:4508,117
DA:4509,117
DA:4510,117
DA:4511,117
DA:4512,117
DA:4513,117
DA:4514,117
DA:4515,117
DA:4516,117
DA:4517,117
DA:4518,117
DA:4519,117
DA:4520,117
DA:4521,117
DA:4522,117
DA:4523,117
DA:4524,117
DA:4525,117
DA:4526,117
DA:4527,117
DA:4528,117
DA:4529,117
DA:4530,117
DA:4531,117
DA:4532,117
DA:4533,117
DA:4534,117
DA:4535,117
DA:4536,117
DA:4537,117
DA:4538,117
DA:4539,117
DA:4540,117
DA:4541,117
DA:4542,117
DA:4543,117
DA:4544,117
DA:4545,117
DA:4546,117
DA:4547,117
DA:4548,117
DA:4549,117
DA:4550,117
DA:4551,117
DA:4552,117
DA:4553,117
DA:4554,117
DA:4555,117
DA:4556,117
DA:4557,117
DA:4558,117
DA:4559,117
DA:4560,117
DA:4561,117
DA:4562,117
DA:4563,117
DA:4564,117
DA:4565,117
DA:4566,117
DA:4567,117
DA:4568,117
DA:4569,117
DA:4570,117
DA:4571,117
DA:4572,117
DA:4573,117
DA:4574,117
DA:4575,117
DA:4576,117
DA:4577,117
DA:4578,117
DA:4579,117
DA:4580,117
DA:4581,117
DA:4582,117
DA:4583,117
DA:4584,117
DA:4585,117
DA:4586,117
DA:4587,117
DA:4588,117
DA:4589,117
DA:4590,936
DA:4591,4680
DA:4592,936
DA:4593,117
DA:4594,117
DA:4595,117
DA:4596,117
DA:4597,117
DA:4598,117
DA:4599,117
DA:4600,117
DA:4601,117
DA:4602,117
DA:4603,117
DA:4604,117
DA:4605,117
DA:4606,117
DA:4607,117
DA:4608,117
DA:4609,117
DA:4610,117
DA:4611,196
DA:4612,196
DA:4613,196
DA:4614,196
DA:4615,196
DA:4616,196
DA:4617,196
DA:4618,196
DA:4619,117
DA:4620,117
DA:4621,117
DA:4622,117
DA:4623,117
DA:4624,117
DA:4625,117
DA:4626,117
DA:4627,117
DA:4628,117
DA:4629,117
DA:4630,117
DA:4631,117
DA:4632,117
DA:4633,117
DA:4634,117
DA:4635,10002
DA:4636,10002
DA:4637,117
DA:4638,117
DA:4639,117
DA:4640,117
DA:4641,117
DA:4642,117
DA:4643,117
DA:4644,117
DA:4645,117
DA:4646,117
DA:4647,117
DA:4648,117
DA:4649,117
DA:4650,117
DA:4651,117
DA:4652,117
DA:4653,2545
DA:4654,2545
DA:4655,117
DA:4656,117
DA:4657,1338
DA:4658,1338
DA:4659,1338
DA:4660,1338
DA:4661,1338
DA:4662,117
DA:4663,117
DA:4664,117
DA:4665,117
DA:4666,117
DA:4667,117
DA:4668,117
DA:4669,117
DA:4670,117
DA:4671,117
DA:4672,117
DA:4673,117
DA:4674,117
DA:4675,117
DA:4676,117
DA:4677,117
DA:4678,117
DA:4679,117
DA:4680,117
DA:4681,117
DA:4682,117
DA:4683,117
DA:4684,117
DA:4685,1331
DA:4686,1331
DA:4687,1331
DA:4688,1331
DA:4689,1338
DA:4690,1338
DA:4691,1338
DA:4692,1338
DA:4693,11
DA:4694,1338
DA:4695,2
DA:4696,2
DA:4697,1338
DA:4698,2
DA:4699,1331
DA:4700,117
DA:4701,117
DA:4702,117
DA:4703,117
DA:4704,117
DA:4705,117
DA:4706,7
DA:4707,7
DA:4708,7
DA:4709,7
DA:4710,7
DA:4711,117
DA:4712,117
DA:4713,9
DA:4714,9
DA:4715,9
DA:4716,117
DA:4717,117
DA:4718,117
DA:4719,117
DA:4720,117
DA:4721,117
DA:4722,117
DA:4723,117
DA:4724,117
DA:4725,117
DA:4726,117
DA:4727,117
DA:4728,117
DA:4729,117
DA:4730,117
DA:4731,117
DA:4732,117
DA:4733,117
DA:4734,117
DA:4735,117
DA:4736,117
DA:4737,376
DA:4738,376
DA:4739,376
DA:4740,376
DA:4741,158
DA:4742,158
DA:4743,158
DA:4744,218
DA:4745,218
DA:4746,218
DA:4747,281
DA:4748,1
DA:4749,1
DA:4750,1
DA:4751,1
DA:4752,1
DA:4753,1
DA:4754,1
DA:4755,1
DA:4756,1
DA:4757,219
DA:4758,15
DA:4759,15
DA:4760,15
DA:4761,15
DA:4762,15
DA:4763,15
DA:4764,376
DA:4765,3
DA:4766,3
DA:4767,2
DA:4768,2
DA:4769,2
DA:4770,2
DA:4771,2
DA:4772,2
DA:4773,2
DA:4774,2
DA:4775,1
DA:4776,1
DA:4777,13
DA:4778,13
DA:4779,13
DA:4780,20
DA:4781,2
DA:4782,2
DA:4783,2
DA:4784,2
DA:4785,2
DA:4786,2
DA:4787,2
DA:4788,2
DA:4789,11
DA:4790,11
DA:4791,11
DA:4792,376
DA:4793,117
DA:4794,117
DA:4795,117
DA:4796,117
DA:4797,117
DA:4798,117
DA:4799,117
DA:4800,117
DA:4801,117
DA:4802,117
DA:4803,117
DA:4804,117
DA:4805,117
DA:4806,117
DA:4807,117
DA:4808,117
DA:4809,1896
DA:4810,1896
DA:4811,1896
DA:4812,1100
DA:4813,1896
DA:4814,1896
DA:4815,1100
DA:4816,1100
DA:4817,4
DA:4818,4
DA:4819,4
DA:4820,1896
DA:4821,1896
DA:4822,1896
DA:4823,1896
DA:4824,1896
DA:4825,1896
DA:4826,117
DA:4827,117
DA:4828,117
DA:4829,117
DA:4830,117
DA:4831,117
DA:4832,117
DA:4833,117
DA:4834,117
DA:4835,117
DA:4836,117
DA:4837,117
DA:4838,117
DA:4839,117
DA:4840,0
DA:4841,0
DA:4842,0
DA:4843,0
DA:4844,0
DA:4845,0
DA:4846,0
DA:4847,0
DA:4848,0
DA:4849,0
DA:4850,0
DA:4851,0
DA:4852,0
DA:4853,0
DA:4854,0
DA:4855,0
DA:4856,0
DA:4857,0
DA:4858,0
DA:4859,0
DA:4860,117
DA:4861,117
DA:4862,117
DA:4863,117
DA:4864,117
DA:4865,117
DA:4866,117
DA:4867,117
DA:4868,117
DA:4869,117
DA:4870,117
DA:4871,117
DA:4872,117
DA:4873,117
DA:4874,117
DA:4875,117
DA:4876,117
DA:4877,117
DA:4878,117
DA:4879,117
DA:4880,117
DA:4881,117
DA:4882,117
DA:4883,117
DA:4884,117
DA:4885,117
DA:4886,117
DA:4887,117
DA:4888,117
DA:4889,117
DA:4890,117
DA:4891,117
DA:4892,117
DA:4893,117
DA:4894,117
DA:4895,117
DA:4896,1175
DA:4897,1159
DA:4898,1159
DA:4899,1159
DA:4900,1159
DA:4901,1159
DA:4902,1157
DA:4903,1157
DA:4904,1157
DA:4905,1157
DA:4906,1159
DA:4907,1159
DA:4908,1159
DA:4909,1159
DA:4910,1159
DA:4911,1159
DA:4912,1159
DA:4913,1159
DA:4914,1173
DA:4915,13938
DA:4916,13938
DA:4917,7897
DA:4918,2293
DA:4919,2293
DA:4920,2293
DA:4921,7897
DA:4922,13938
DA:4923,6041
DA:4924,6041
DA:4925,13938
DA:4926,1173
DA:4927,1156
DA:4928,1156
DA:4929,1173
DA:4930,2293
DA:4931,2293
DA:4932,2293
DA:4933,2293
DA:4934,2293
DA:4935,2293
DA:4936,1156
DA:4937,1156
DA:4938,2312
DA:4939,5808
DA:4940,5808
DA:4941,5808
DA:4942,23
DA:4943,1156
DA:4944,1156
DA:4945,1156
DA:4946,1156
DA:4947,2293
DA:4948,2851
DA:4949,2851
DA:4950,2851
DA:4951,1695
DA:4952,2851
DA:4953,2851
DA:4954,1695
DA:4955,2851
DA:4956,2851
DA:4957,2851
DA:4958,2851
DA:4959,2851
DA:4960,1647
DA:4961,1647
DA:4962,1647
DA:4963,1647
DA:4964,1695
DA:4965,1695
DA:4966,1695
DA:4967,2851
DA:4968,1156
DA:4969,1173
DA:4970,1149
DA:4971,1175
DA:4972,117
[...]
DA:658,17
DA:659,17
DA:660,17
DA:661,17
DA:662,17
DA:663,17
DA:664,17
DA:665,17
DA:666,17
DA:667,17
DA:668,17
DA:669,17
DA:670,17
DA:671,17
DA:672,17
DA:673,44
DA:674,42
DA:675,42
DA:676,42
DA:677,42
DA:678,42
DA:679,42
DA:680,42
DA:681,44
DA:682,85
DA:683,85
DA:684,41
DA:685,85
DA:686,41
DA:687,41
DA:688,41
DA:689,85
DA:690,44
DA:691,41
DA:692,41
DA:693,44
DA:694,11
DA:695,11
DA:696,30
DA:697,30
DA:698,30
DA:699,30
DA:700,30
DA:701,30
DA:702,30
DA:703,44
DA:704,30
DA:705,30
DA:706,30
DA:707,30
DA:708,30
DA:709,30
DA:710,30
DA:711,44
DA:712,162
DA:713,162
DA:714,118
DA:715,162
DA:716,110
DA:717,110
DA:718,30
DA:719,30
DA:720,44
DA:721,17
DA:722,17
DA:723,17
DA:724,17
DA:725,17
DA:726,17
DA:727,17
DA:728,17
DA:729,17
DA:730,17
DA:731,17
DA:732,17
DA:733,17
DA:734,17
DA:735,17
DA:736,17
DA:737,17
DA:738,17
DA:739,17
DA:740,17
DA:741,17
DA:742,17
DA:743,17
DA:744,17
DA:745,71
DA:746,69
DA:747,69
DA:748,69
DA:749,69
DA:750,69
DA:751,69
DA:752,69
DA:753,71
DA:754,84
DA:755,84
DA:756,68
DA:757,84
DA:758,68
DA:759,68
DA:760,68
DA:761,84
DA:762,71
DA:763,68
DA:764,68
DA:765,71
DA:766,37
DA:767,37
DA:768,31
DA:769,31
DA:770,31
DA:771,31
DA:772,31
DA:773,31
DA:774,31
DA:775,71
DA:776,31
DA:777,31
DA:778,31
DA:779,31
DA:780,31
DA:781,31
DA:782,31
DA:783,71
DA:784,102
DA:785,102
DA:786,97
DA:787,102
DA:788,97
DA:789,97
DA:790,31
DA:791,31
DA:792,71
DA:793,17
DA:794,17
DA:795,17
DA:796,17
DA:797,17
DA:798,17
DA:799,17
DA:800,17
DA:801,17
DA:802,17
DA:803,17
DA:804,17
DA:805,17
DA:806,17
DA:807,236
DA:808,48
DA:809,48
DA:810,188
DA:811,236
DA:812,17
DA:813,17
DA:814,17
DA:815,17
DA:816,17
DA:817,17
DA:818,17
DA:819,17
DA:820,17
DA:821,17
DA:822,17
DA:823,17
DA:824,17
DA:825,17
DA:826,45
DA:827,0
DA:828,0
DA:829,45
DA:830,45
DA:831,45
DA:832,2
DA:833,2
DA:834,43
DA:835,43
DA:836,45
DA:837,2
DA:838,2
DA:839,2
DA:840,2
DA:841,2
DA:842,41
DA:843,41
DA:844,41
DA:845,14
DA:846,0
DA:847,41
DA:848,41
DA:849,41
DA:850,45
DA:851,17
DA:852,17
DA:853,17
DA:854,17
DA:855,17
DA:856,17
DA:857,17
DA:858,17
DA:859,17
DA:860,17
DA:861,17
DA:862,17
DA:863,17
DA:864,17
DA:865,17
DA:866,17
DA:867,17
DA:868,17
DA:869,17
DA:870,17
DA:871,17
DA:872,17
DA:873,50
DA:874,32
DA:875,32
DA:876,50
DA:877,50
DA:878,50
DA:879,21
DA:880,21
DA:881,21
DA:882,7
DA:883,7
DA:884,7
DA:885,7
DA:886,7
DA:887,21
DA:888,21
DA:889,11
DA:890,11
DA:891,50
DA:892,17
DA:893,17
DA:894,17
DA:895,17
DA:896,17
DA:897,17
DA:898,17
DA:899,17
DA:900,17
DA:901,17
DA:902,17
DA:903,17
DA:904,17
DA:905,17
DA:906,17
DA:907,17
DA:908,17
DA:909,17
DA:910,11
DA:911,11
DA:912,1
DA:913,1
DA:914,11
DA:915,11
DA:916,11
DA:917,11
DA:918,2
DA:919,2
DA:920,8
DA:921,11
DA:922,17
DA:923,17
DA:924,17
DA:925,17
DA:926,17
DA:927,17
DA:928,17
DA:929,17
DA:930,17
DA:931,17
DA:932,17
DA:933,17
DA:934,9
DA:935,9
DA:936,0
DA:937,0
DA:938,0
DA:939,9
DA:940,9
DA:941,9
DA:942,0
DA:943,0
DA:944,0
DA:945,9
DA:946,9
DA:947,0
DA:948,0
DA:949,9
DA:950,9
DA:951,9
DA:952,9
DA:953,9
DA:954,9
DA:955,9
DA:956,9
DA:957,9
DA:958,9
DA:959,17
DA:960,17
DA:961,17
DA:962,17
DA:963,17
DA:964,17
DA:965,17
DA:966,17
DA:967,17
DA:968,17
DA:969,17
DA:970,17
DA:971,0
DA:972,0
DA:973,0
DA:974,0
DA:975,0
DA:976,0
DA:977,0
DA:978,0
DA:979,0
DA:980,17
DA:981,17
DA:982,17
DA:983,17
DA:984,17
DA:985,17
DA:986,17
DA:987,17
DA:988,17
DA:989,17
DA:990,17
DA:991,17
DA:992,17
DA:993,17
DA:994,6
DA:995,6
DA:996,6
DA:997,6
DA:998,6
DA:999,6
DA:1000,6
DA:1001,6
DA:1002,6
DA:1003,6
DA:1004,6
DA:1005,6
DA:1006,6
DA:1007,6
DA:1008,6
DA:1009,0
DA:1010,0
DA:1011,0
DA:1012,0
DA:1013,0
DA:1014,0
DA:1015,0
DA:1016,0
DA:1017,0
DA:1018,0
DA:1019,0
DA:1020,0
DA:1021,0
DA:1022,0
DA:1023,0
DA:1024,0
DA:1025,0
DA:1026,0
DA:1027,6
DA:1028,6
DA:1029,0
DA:1030,0
DA:1031,0
DA:1032,0
DA:1033,0
DA:1034,6
DA:1035,6
DA:1036,6
DA:1037,0
DA:1038,0
DA:1039,0
DA:1040,0
DA:1041,0
DA:1042,0
DA:1043,0
DA:1044,0
DA:1045,0
DA:1046,0
DA:1047,0
DA:1048,0
DA:1049,0
DA:1050,0
DA:1051,0
DA:1052,0
DA:1053,0
DA:1054,0
DA:1055,6
DA:1056,6
DA:1057,0
DA:1058,0
DA:1059,0
DA:1060,0
DA:1061,0
DA:1062,0
DA:1063,0
DA:1064,6
DA:1065,6
DA:1066,0
DA:1067,6
DA:1068,6
DA:1069,1
DA:1070,1
DA:1071,1
DA:1072,1
DA:1073,1
DA:1074,1
DA:1075,1
DA:1076,0
DA:1077,0
DA:1078,1
DA:1079,1
DA:1080,1
DA:1081,1
DA:1082,1
DA:1083,1
DA:1084,1
DA:1085,1
DA:1086,1
DA:1087,1
DA:1088,1
DA:1089,0
DA:1090,0
DA:1091,1
DA:1092,1
DA:1093,1
DA:1094,1
DA:1095,1
DA:1096,1
DA:1097,1
DA:1098,1
DA:1099,1
DA:1100,6
DA:1101,6
DA:1102,6
DA:1103,6
DA:1104,6
DA:1105,17
DA:1106,17
DA:1107,17
DA:1108,17
DA:1109,40
DA:1110,40
DA:1111,40
DA:1112,40
DA:1113,40
DA:1114,40
DA:1115,40
DA:1116,40
DA:1117,40
DA:1118,40
DA:1119,40
DA:1120,40
DA:1121,40
DA:1122,40
DA:1123,40
DA:1124,40
DA:1125,40
DA:1126,40
DA:1127,17
DA:1128,17
DA:1129,17
DA:1130,17
DA:1131,17
DA:1132,0
DA:1133,0
DA:1134,0
DA:1135,17
DA:1136,17
DA:1137,0
DA:1138,0
DA:1139,0
DA:1140,17
DA:1141,2
DA:1142,2
DA:1143,2
DA:1144,2
DA:1145,2
DA:1146,17
DA:1147,17
DA:1148,0
DA:1149,0
DA:1150,0
DA:1151,0
DA:1152,0
DA:1153,0
DA:1154,0
DA:1155,0
DA:1156,17
DA:1157,0
DA:1158,0
DA:1159,0
DA:1160,0
DA:1161,17
DA:1162,17
DA:1163,17
DA:1164,17
DA:1165,17
DA:1166,17
DA:1167,17
DA:1168,17
DA:1169,17
DA:1170,17
DA:1171,17
DA:1172,17
DA:1173,17
DA:1174,17
DA:1175,17
DA:1176,17
DA:1177,17
DA:1178,52
DA:1179,52
DA:1180,52
DA:1181,52
DA:1182,52
DA:1183,52
DA:1184,52
DA:1185,52
DA:1186,52
DA:1187,52
DA:1188,52
DA:1189,52
DA:1190,52
DA:1191,52
DA:1192,52
DA:1193,52
DA:1194,52
DA:1195,52
DA:1196,52
DA:1197,17
DA:1198,17
DA:1199,17
DA:1200,17
DA:1201,17
DA:1202,17
DA:1203,17
DA:1204,17
DA:1205,17
DA:1206,17
DA:1207,17
DA:1208,17
DA:1209,17
DA:1210,24
DA:1211,24
DA:1212,24
DA:1213,24
DA:1214,17
DA:1215,17
DA:1216,17
DA:1217,17
DA:1218,17
DA:1219,17
DA:1220,17
DA:1221,17
DA:1222,17
DA:1223,17
DA:1224,17
DA:1225,17
DA:1226,17
DA:1227,17
DA:1228,17
DA:1229,17
DA:1230,17
DA:1231,17
DA:1232,17
DA:1233,17
DA:1234,40
DA:1235,40
DA:1236,40
DA:1237,40
DA:1238,40
DA:1239,40
DA:1240,40
DA:1241,40
DA:1242,40
DA:1243,40
DA:1244,40
DA:1245,40
DA:1246,40
DA:1247,40
DA:1248,40
DA:1249,40
DA:1250,40
DA:1251,40
DA:1252,40
DA:1253,40
DA:1254,40
DA:1255,40
DA:1256,40
DA:1257,40
DA:1258,40
DA:1259,40
DA:1260,40
DA:1261,40
DA:1262,40
DA:1263,40
DA:1264,40
DA:1265,40
DA:1266,40
DA:1267,40
DA:1268,40
DA:1269,40
DA:1270,40
DA:1271,40
DA:1272,40
DA:1273,40
DA:1274,40
DA:1275,40
DA:1276,40
DA:1277,40
DA:1278,40
DA:1279,40
DA:1280,40
DA:1281,40
DA:1282,1
DA:1283,1
DA:1284,1
DA:1285,1
DA:1286,1
DA:1287,1
DA:1288,39
DA:1289,39
DA:1290,39
DA:1291,39
DA:1292,39
DA:1293,39
DA:1294,39
DA:1295,39
DA:1296,40
DA:1297,1
DA:1298,1
DA:1299,1
DA:1300,1
DA:1301,1
DA:1302,1
DA:1303,1
DA:1304,1
DA:1305,1
DA:1306,1
DA:1307,1
DA:1308,38
DA:1309,40
DA:1310,0
DA:1311,0
DA:1312,0
DA:1313,0
DA:1314,0
DA:1315,0
DA:1316,0
DA:1317,38
DA:1318,38
DA:1319,38
DA:1320,38
DA:1321,38
DA:1322,40
DA:1323,43
DA:1324,43
DA:1325,43
DA:1326,43
DA:1327,43
DA:1328,43
DA:1329,43
DA:1330,43
DA:1331,1
DA:1332,1
DA:1333,43
DA:1334,1
DA:1335,1
DA:1336,1
DA:1337,1
DA:1338,42
DA:1339,42
DA:1340,43
DA:1341,1
DA:1342,1
DA:1343,1
DA:1344,1
DA:1345,41
DA:1346,41
DA:1347,41
DA:1348,43
DA:1349,43
DA:1350,43
DA:1351,43
DA:1352,43
DA:1353,43
DA:1354,43
DA:1355,4
DA:1356,4
DA:1357,4
DA:1358,4
DA:1359,4
DA:1360,4
DA:1361,4
DA:1362,37
DA:1363,37
DA:1364,37
DA:1365,37
DA:1366,37
DA:1367,37
DA:1368,37
DA:1369,37
DA:1370,43
DA:1371,2
DA:1372,2
DA:1373,2
DA:1374,2
DA:1375,43
DA:1376,15
DA:1377,15
DA:1378,15
DA:1379,15
DA:1380,15
DA:1381,15
DA:1382,6
DA:1383,6
DA:1384,6
DA:1385,6
DA:1386,6
DA:1387,6
DA:1388,6
DA:1389,6
DA:1390,6
DA:1391,15
DA:1392,9
DA:1393,9
DA:1394,9
DA:1395,9
DA:1396,9
DA:1397,15
DA:1398,15
DA:1399,15
DA:1400,15
DA:1401,15
DA:1402,15
DA:1403,15
DA:1404,15
DA:1405,15
DA:1406,15
DA:1407,15
DA:1408,15
DA:1409,15
DA:1410,15
DA:1411,15
DA:1412,15
DA:1413,15
DA:1414,15
DA:1415,15
DA:1416,15
DA:1417,15
DA:1418,15
DA:1419,15
DA:1420,15
DA:1421,15
DA:1422,15
DA:1423,15
DA:1424,15
DA:1425,15
DA:1426,15
DA:1427,15
DA:1428,15
DA:1429,15
DA:1430,15
DA:1431,15
DA:1432,15
DA:1433,15
DA:1434,15
DA:1435,15
DA:1436,15
DA:1437,15
DA:1438,15
DA:1439,15
DA:1440,15
DA:1441,15
DA:1442,15
DA:1443,9
DA:1444,9
DA:1445,9
DA:1446,9
DA:1447,9
DA:1448,9
DA:1449,9
DA:1450,9
DA:1451,4
DA:1452,4
DA:1453,4
DA:1454,4
DA:1455,9
DA:1456,9
DA:1457,9
DA:1458,1
DA:1459,1
DA:1460,1
DA:1461,1
DA:1462,1
DA:1463,1
DA:1464,1
DA:1465,1
DA:1466,1
DA:1467,1
DA:1468,1
DA:1469,1
DA:1470,1
DA:1471,1
DA:1472,1
DA:1473,1
DA:1474,1
DA:1475,1
DA:1476,8
DA:1477,8
DA:1478,8
DA:1479,8
DA:1480,8
DA:1481,8
DA:1482,8
DA:1483,8
DA:1484,6
DA:1485,6
DA:1486,6
DA:1487,6
DA:1488,6
DA:1489,6
DA:1490,6
DA:1491,6
DA:1492,6
DA:1493,6
DA:1494,20
DA:1495,20
DA:1496,20
DA:1497,20
DA:1498,20
DA:1499,20
DA:1500,20
DA:1501,20
DA:1502,20
DA:1503,20
DA:1504,20
DA:1505,20
DA:1506,20
DA:1507,20
DA:1508,20
DA:1509,20
DA:1510,20
DA:1511,20
DA:1512,20
DA:1513,20
DA:1514,20
DA:1515,20
DA:1516,20
DA:1517,17
DA:1518,17
DA:1519,17
DA:1520,17
DA:1521,17
DA:1522,17
DA:1523,17
DA:1524,17
DA:1525,17
DA:1526,40
DA:1527,17
DA:1528,17
DA:1529,17
DA:1530,17
DA:1531,17
DA:1532,17
DA:1533,17
DA:1534,21
DA:1535,21
DA:1536,21
DA:1537,21
DA:1538,21
DA:1539,21
DA:1540,21
DA:1541,21
DA:1542,21
DA:1543,21
DA:1544,21
DA:1545,21
DA:1546,21
DA:1547,21
DA:1548,21
DA:1549,21
DA:1550,21
DA:1551,21
DA:1552,21
DA:1553,21
DA:1554,21
DA:1555,21
DA:1556,21
DA:1557,21
DA:1558,21
DA:1559,21
DA:1560,21
DA:1561,21
DA:1562,21
DA:1563,21
DA:1564,21
DA:1565,21
DA:1566,21
DA:1567,21
DA:1568,21
DA:1569,21
DA:1570,21
DA:1571,21
DA:1572,21
DA:1573,21
DA:1574,21
DA:1575,21
DA:1576,21
DA:1577,21
DA:1578,21
DA:1579,21
DA:1580,21
DA:1581,21
DA:1582,21
DA:1583,21
DA:1584,0
DA:1585,0
DA:1586,0
DA:1587,0
DA:1588,0
DA:1589,0
DA:1590,0
DA:1591,0
DA:1592,0
DA:1593,0
DA:1594,0
DA:1595,0
DA:1596,0
DA:1597,0
DA:1598,0
DA:1599,0
DA:1600,0
DA:1601,21
DA:1602,21
DA:1603,21
DA:1604,21
DA:1605,21
DA:1606,21
DA:1607,21
DA:1608,21
DA:1609,21
DA:1610,21
DA:1611,21
DA:1612,21
DA:1613,21
DA:1614,21
DA:1615,21
DA:1616,21
DA:1617,21
DA:1618,21
DA:1619,21
DA:1620,21
DA:1621,21
DA:1622,21
DA:1623,21
DA:1624,21
DA:1625,21
DA:1626,17
DA:1627,17
DA:1628,21
DA:1629,21
DA:1630,21
DA:1631,21
DA:1632,21
DA:1633,21
DA:1634,21
DA:1635,21
DA:1636,21
DA:1637,21
DA:1638,21
DA:1639,21
DA:1640,21
DA:1641,17
DA:1642,17
DA:1643,17
DA:1644,17
DA:1645,17
DA:1646,17
DA:1647,17
DA:1648,17
DA:1649,17
DA:1650,17
DA:1651,17
DA:1652,17
DA:1653,17
DA:1654,17
DA:1655,17
DA:1656,17
DA:1657,17
DA:1658,17
DA:1659,17
DA:1660,17
DA:1661,17
DA:1662,17
DA:1663,17
DA:1664,17
DA:1665,17
DA:1666,17
DA:1667,17
DA:1668,17
DA:1669,17
DA:1670,17
DA:1671,17
DA:1672,17
DA:1673,17
DA:1674,17
DA:1675,17
DA:1676,17
DA:1677,17
DA:1678,17
DA:1679,17
DA:1680,69
DA:1681,69
DA:1682,69
DA:1683,69
DA:1684,69
DA:1685,69
DA:1686,69
DA:1687,69
DA:1688,69
DA:1689,69
DA:1690,69
DA:1691,69
DA:1692,69
DA:1693,69
DA:1694,69
DA:1695,1
DA:1696,1
DA:1697,68
DA:1698,69
DA:1699,69
DA:1700,69
DA:1701,69
DA:1702,69
DA:1703,69
DA:1704,69
DA:1705,69
DA:1706,69
DA:1707,69
DA:1708,69
DA:1709,69
DA:1710,69
DA:1711,69
DA:1712,1
DA:1713,1
DA:1714,1
DA:1715,1
DA:1716,1
DA:1717,1
DA:1718,1
DA:1719,67
DA:1720,67
DA:1721,67
DA:1722,67
DA:1723,67
DA:1724,69
DA:1725,4
DA:1726,4
DA:1727,4
DA:1728,4
DA:1729,4
DA:1730,63
DA:1731,63
DA:1732,63
DA:1733,69
DA:1734,17
DA:1735,17
DA:1736,17
DA:1737,17
DA:1738,17
DA:1739,42
DA:1740,42
DA:1741,42
DA:1742,17
DA:1743,17
DA:1744,17
DA:1745,17
DA:1746,17
DA:1747,17
DA:1748,17
DA:1749,17
DA:1750,17
DA:1751,17
DA:1752,17
DA:1753,17
DA:1754,17
DA:1755,17
DA:1756,17
DA:1757,17
DA:1758,17
DA:1759,17
DA:1760,17
DA:1761,17
DA:1762,17
DA:1763,17
DA:1764,63
DA:1765,63
DA:1766,63
DA:1767,22
DA:1768,22
DA:1769,35
DA:1770,63
DA:1771,63
DA:1772,63
DA:1773,35
DA:1774,3
DA:1775,3
DA:1776,3
DA:1777,3
DA:1778,3
DA:1779,3
DA:1780,63
DA:1781,1
DA:1782,63
DA:1783,2
DA:1784,2
DA:1785,1
DA:1786,1
DA:1787,63
DA:1788,17
DA:1789,17
DA:1790,17
DA:1791,17
DA:1792,17
DA:1793,17
DA:1794,17
DA:1795,17
DA:1796,17
DA:1797,17
DA:1798,17
DA:1799,17
DA:1800,17
DA:1801,17
DA:1802,17
DA:1803,17
DA:1804,17
DA:1805,17
DA:1806,15
DA:1807,15
DA:1808,15
DA:1809,12
DA:1810,12
DA:1811,12
DA:1812,3
DA:1813,15
DA:1814,15
DA:1815,15
DA:1816,15
DA:1817,15
DA:1818,15
DA:1819,15
DA:1820,0
DA:1821,0
DA:1822,15
DA:1823,0
DA:1824,15
DA:1825,0
DA:1826,0
DA:1827,0
DA:1828,15
DA:1829,17
DA:1830,17
DA:1831,17
DA:1832,17
DA:1833,17
DA:1834,17
DA:1835,42
DA:1836,42
DA:1837,42
DA:1838,42
DA:1839,42
DA:1840,42
DA:1841,42
DA:1842,42
DA:1843,42
DA:1844,42
DA:1845,17
DA:1846,17
DA:1847,17
DA:1848,17
DA:1849,17
DA:1850,17
DA:1851,17
DA:1852,17
DA:1853,17
DA:1854,17
DA:1855,17
DA:1856,17
DA:1857,17
DA:1858,40
DA:1859,40
DA:1860,40
DA:1861,40
DA:1862,40
DA:1863,40
DA:1864,40
DA:1865,40
DA:1866,40
DA:1867,40
DA:1868,40
DA:1869,40
DA:1870,40
DA:1871,40
DA:1872,40
DA:1873,40
DA:1874,40
DA:1875,40
DA:1876,40
DA:1877,40
DA:1878,40
LF:1878
LH:1750
BRDA:1,0,0,17
BRDA:151,1,0,141
BRDA:152,2,0,140
BRDA:152,3,0,1
BRDA:153,4,0,140
BRDA:159,5,0,1
BRDA:160,6,0,139
BRDA:188,7,0,0
BRDA:188,8,0,139
BRDA:190,9,0,572
BRDA:193,10,0,567
BRDA:193,11,0,155
BRDA:194,12,0,417
BRDA:194,13,0,0
BRDA:195,14,0,417
BRDA:197,15,0,0
BRDA:200,16,0,0
BRDA:200,17,0,0
BRDA:200,18,0,483
BRDA:200,19,0,417
BRDA:203,20,0,384
BRDA:203,21,0,33
BRDA:208,22,0,0
BRDA:156,23,0,991
BRDA:157,24,0,991
BRDA:165,25,0,766
BRDA:166,26,0,555
BRDA:173,27,0,695
BRDA:174,28,0,0
BRDA:175,29,0,2082
BRDA:176,30,0,693
BRDA:178,31,0,1389
BRDA:176,32,0,4027
BRDA:193,33,0,1263
BRDA:193,34,0,417
BRDA:218,35,0,2309
BRDA:224,36,0,12364
BRDA:227,37,0,2085
BRDA:228,38,0,2083
BRDA:228,39,0,2
BRDA:229,40,0,2077
BRDA:229,41,0,8
BRDA:232,42,0,417
BRDA:233,43,0,57
BRDA:234,44,0,361
BRDA:234,45,0,360
BRDA:235,46,0,311
BRDA:235,47,0,247
BRDA:235,48,0,113
BRDA:238,49,0,247
BRDA:234,50,0,402
BRDA:234,51,0,353
BRDA:234,52,0,49
BRDA:240,53,0,321
BRDA:241,54,0,321
BRDA:267,55,0,50
BRDA:269,56,0,0
BRDA:279,57,0,2
BRDA:280,58,0,48
BRDA:288,59,0,66
BRDA:291,60,0,2
BRDA:292,61,0,64
BRDA:295,62,0,47
BRDA:297,63,0,17
BRDA:297,64,0,3
BRDA:298,65,0,0
BRDA:299,66,0,14
BRDA:299,67,0,0
BRDA:299,68,0,0
BRDA:300,69,0,10
BRDA:308,70,0,4
BRDA:308,71,0,1
BRDA:310,72,0,2
BRDA:312,73,0,0
BRDA:315,74,0,3
BRDA:315,75,0,2
BRDA:315,76,0,1
BRDA:306,77,0,11
BRDA:318,78,0,2
BRDA:319,79,0,2
BRDA:341,80,0,49
BRDA:347,81,0,48
BRDA:347,82,0,2
BRDA:350,83,0,47
BRDA:355,84,0,46
BRDA:366,85,0,14
BRDA:367,86,0,1
BRDA:370,87,0,13
BRDA:379,88,0,17
BRDA:383,89,0,1
BRDA:397,90,0,2
BRDA:444,91,0,234
BRDA:451,92,0,0
BRDA:460,93,0,428
BRDA:461,94,0,212
BRDA:462,95,0,216
BRDA:463,96,0,216
BRDA:472,97,0,938
BRDA:474,98,0,215
BRDA:475,99,0,723
BRDA:476,100,0,216
BRDA:477,101,0,507
BRDA:477,102,0,0
BRDA:477,103,0,934
BRDA:477,104,0,888
BRDA:477,105,0,312
BRDA:478,106,0,195
BRDA:482,107,0,161
BRDA:483,108,0,10
BRDA:489,109,0,151
BRDA:494,110,0,717
BRDA:494,111,0,34
BRDA:498,112,0,0
BRDA:499,113,0,535
BRDA:499,114,0,5
BRDA:502,115,0,29
BRDA:510,116,0,743
BRDA:462,117,0,1105
BRDA:463,118,0,648
BRDA:464,119,0,432
BRDA:465,120,0,648
BRDA:476,121,0,1612
BRDA:476,122,0,507
BRDA:528,123,0,10
BRDA:535,124,0,16
BRDA:536,125,0,6
BRDA:537,126,0,10
BRDA:538,127,0,10
BRDA:549,128,0,36
BRDA:551,129,0,6
BRDA:552,130,0,30
BRDA:553,131,0,10
BRDA:554,132,0,20
BRDA:554,133,0,0
BRDA:554,134,0,10
BRDA:564,135,0,26
BRDA:537,136,0,60
BRDA:538,137,0,30
BRDA:539,138,0,20
BRDA:540,139,0,30
BRDA:541,140,0,60
BRDA:553,141,0,80
BRDA:553,142,0,20
BRDA:597,143,0,29
BRDA:599,144,0,4
BRDA:599,145,0,25
BRDA:606,146,0,65
BRDA:607,147,0,36
BRDA:608,148,0,29
BRDA:609,149,0,29
BRDA:617,150,0,4
BRDA:622,151,0,132
BRDA:624,152,0,36
BRDA:625,153,0,96
BRDA:626,154,0,29
BRDA:627,155,0,67
BRDA:627,156,0,0
BRDA:627,157,0,122
BRDA:627,158,0,118
BRDA:627,159,0,38
BRDA:628,160,0,29
BRDA:632,161,0,25
BRDA:635,162,0,4
BRDA:635,163,0,122
BRDA:635,164,0,4
BRDA:638,165,0,29
BRDA:641,166,0,103
BRDA:608,167,0,178
BRDA:609,168,0,87
BRDA:610,169,0,58
BRDA:611,170,0,87
BRDA:612,171,0,174
BRDA:613,172,0,178
BRDA:626,173,0,245
BRDA:626,174,0,67
BRDA:672,175,0,44
BRDA:673,176,0,2
BRDA:674,177,0,42
BRDA:681,178,0,85
BRDA:683,179,0,44
BRDA:684,180,0,41
BRDA:685,181,0,41
BRDA:690,182,0,1
BRDA:690,183,0,41
BRDA:693,184,0,11
BRDA:696,185,0,30
BRDA:703,186,0,30
BRDA:711,187,0,162
BRDA:713,188,0,161
BRDA:713,189,0,44
BRDA:714,190,0,118
BRDA:715,191,0,8
BRDA:715,192,0,110
BRDA:718,193,0,30
BRDA:676,194,0,148
BRDA:676,195,0,300
BRDA:676,196,0,110
BRDA:677,197,0,170
BRDA:684,198,0,216
BRDA:685,199,0,123
BRDA:692,200,0,216
BRDA:693,201,0,216
BRDA:744,202,0,71
BRDA:745,203,0,2
BRDA:746,204,0,69
BRDA:753,205,0,84
BRDA:755,206,0,16
BRDA:756,207,0,68
BRDA:757,208,0,68
BRDA:762,209,0,1
BRDA:762,210,0,68
BRDA:765,211,0,37
BRDA:768,212,0,31
BRDA:775,213,0,31
BRDA:783,214,0,102
BRDA:785,215,0,99
BRDA:785,216,0,5
BRDA:786,217,0,97
BRDA:787,218,0,0
BRDA:787,219,0,97
BRDA:790,220,0,31
BRDA:748,221,0,128
BRDA:748,222,0,266
BRDA:748,223,0,97
BRDA:749,224,0,159
BRDA:756,225,0,409
BRDA:757,226,0,204
BRDA:764,227,0,409
BRDA:765,228,0,409
BRDA:806,229,0,236
BRDA:807,230,0,183
BRDA:807,231,0,48
BRDA:810,232,0,188
BRDA:825,233,0,45
BRDA:826,234,0,0
BRDA:831,235,0,2
BRDA:834,236,0,43
BRDA:836,237,0,2
BRDA:842,238,0,41
BRDA:830,239,0,75
BRDA:835,240,0,71
BRDA:844,241,0,14
BRDA:846,242,0,0
BRDA:872,243,0,50
BRDA:873,244,0,49
BRDA:873,245,0,32
BRDA:876,246,0,18
BRDA:876,247,0,0
BRDA:878,248,0,45
BRDA:878,249,0,21
BRDA:881,250,0,19
BRDA:881,251,0,7
BRDA:889,252,0,11
BRDA:879,253,0,29
BRDA:909,254,0,11
BRDA:910,255,0,0
BRDA:911,256,0,1
BRDA:914,257,0,10
BRDA:914,258,0,0
BRDA:915,259,0,10
BRDA:915,260,0,0
BRDA:917,261,0,2
BRDA:920,262,0,8
BRDA:916,263,0,3
BRDA:916,264,0,1
BRDA:934,265,0,9
BRDA:935,266,0,27
BRDA:994,267,0,6
BRDA:1068,268,0,1
BRDA:1075,269,0,0
BRDA:1088,270,0,0
BRDA:1099,271,0,0
BRDA:1108,272,0,40
BRDA:1109,273,0,8
BRDA:1109,274,0,32
BRDA:1141,275,0,2
BRDA:1178,276,0,52
BRDA:1183,277,0,0
BRDA:1188,278,0,0
BRDA:1192,279,0,0
BRDA:1193,280,0,0
BRDA:1193,281,0,0
BRDA:1181,282,0,52
BRDA:1210,283,0,24
BRDA:1233,284,0,40
BRDA:1281,285,0,1
BRDA:1288,286,0,39
BRDA:1296,287,0,1
BRDA:1308,288,0,38
BRDA:1309,289,0,0
BRDA:1317,290,0,38
BRDA:1322,291,0,43
BRDA:1330,292,0,42
BRDA:1330,293,0,1
BRDA:1333,294,0,1
BRDA:1338,295,0,42
BRDA:1340,296,0,1
BRDA:1345,297,0,41
BRDA:1348,298,0,0
BRDA:1348,299,0,0
BRDA:1354,300,0,4
BRDA:1362,301,0,37
BRDA:1370,302,0,2
BRDA:1375,303,0,35
BRDA:1375,304,0,15
BRDA:1378,305,0,6
BRDA:1378,306,0,9
BRDA:1381,307,0,6
BRDA:1391,308,0,9
BRDA:1442,309,0,9
BRDA:1449,310,0,4
BRDA:1450,311,0,4
BRDA:1455,312,0,5
BRDA:1457,313,0,1
BRDA:1476,314,0,8
BRDA:1484,315,0,6
BRDA:1494,316,0,20
BRDA:1517,317,0,17
BRDA:1253,318,0,37
BRDA:1262,319,0,40
BRDA:1267,320,0,15
BRDA:1268,321,0,25
BRDA:1290,322,0,62
BRDA:1534,323,0,21
BRDA:1561,324,0,6
BRDA:1561,325,0,15
BRDA:1583,326,0,0
BRDA:1609,327,0,19
BRDA:1610,328,0,4
BRDA:1610,329,0,17
BRDA:1610,330,0,15
BRDA:1610,331,0,2
BRDA:1624,332,0,4
BRDA:1624,333,0,1
BRDA:1625,334,0,17
BRDA:1626,335,0,15
BRDA:1627,336,0,2
BRDA:1631,337,0,19
BRDA:1631,338,0,2
BRDA:1633,339,0,19
BRDA:1634,340,0,2
BRDA:1679,341,0,69
BRDA:1694,342,0,68
BRDA:1694,343,0,1
BRDA:1697,344,0,68
BRDA:1698,345,0,11
BRDA:1698,346,0,57
BRDA:1711,347,0,1
BRDA:1719,348,0,67
BRDA:1724,349,0,66
BRDA:1724,350,0,4
BRDA:1730,351,0,63
BRDA:1739,352,0,42
BRDA:1740,353,0,0
BRDA:1764,354,0,63
BRDA:1766,355,0,41
BRDA:1767,356,0,35
BRDA:1767,357,0,22
BRDA:1769,358,0,11
BRDA:1770,359,0,11
BRDA:1773,360,0,35
BRDA:1773,361,0,22
BRDA:1773,362,0,19
BRDA:1774,363,0,21
BRDA:1774,364,0,3
BRDA:1780,365,0,0
BRDA:1780,366,0,1
BRDA:1781,367,0,0
BRDA:1782,368,0,4
BRDA:1782,369,0,2
BRDA:1785,370,0,1
BRDA:1806,371,0,15
BRDA:1808,372,0,12
BRDA:1812,373,0,3
BRDA:1813,374,0,1
BRDA:1813,375,0,2
BRDA:1815,376,0,1
BRDA:1816,377,0,2
BRDA:1819,378,0,3
BRDA:1819,379,0,13
BRDA:1819,380,0,3
BRDA:1820,381,0,0
BRDA:1822,382,0,0
BRDA:1822,383,0,0
BRDA:1824,384,0,0
BRDA:1835,385,0,42
BRDA:1841,386,0,0
BRDA:1858,387,0,40
BRDA:1871,388,0,0
BRDA:1872,389,0,21
BRDA:1872,390,0,19
BRDA:1873,391,0,1
BRDA:1873,392,0,39
BRDA:1874,393,0,21
BRDA:1874,394,0,19
BRDA:1875,395,0,38
BRDA:1875,396,0,20
BRDA:1875,397,0,20
BRDA:1876,398,0,15
BRDA:1876,399,0,25
BRF:400
BRH:355
end_of_record
